2018-09-11 16:28:56,466 DEBUG [Forwarding newSession on session null to remote] RequestAddCookies:123 - CookieSpec selected: default
2018-09-11 16:28:56,479 DEBUG [Forwarding newSession on session null to remote] RequestAuthCache:77 - Auth cache not set in the context
2018-09-11 16:28:56,482 DEBUG [Forwarding newSession on session null to remote] PoolingHttpClientConnectionManager:255 - Connection request: [route: {}->http://localhost:1177][total kept alive: 0; route allocated: 0 of 2000; total allocated: 0 of 2000]
2018-09-11 16:28:56,499 DEBUG [Forwarding newSession on session null to remote] PoolingHttpClientConnectionManager:288 - Connection leased: [id: 0][route: {}->http://localhost:1177][total kept alive: 0; route allocated: 1 of 2000; total allocated: 1 of 2000]
2018-09-11 16:28:56,502 DEBUG [Forwarding newSession on session null to remote] MainClientExec:235 - Opening connection {}->http://localhost:1177
2018-09-11 16:28:56,504 DEBUG [Forwarding newSession on session null to remote] DefaultHttpClientConnectionOperator:139 - Connecting to localhost/127.0.0.1:1177
2018-09-11 16:28:56,506 DEBUG [Forwarding newSession on session null to remote] DefaultHttpClientConnectionOperator:146 - Connection established 127.0.0.1:50370<->127.0.0.1:1177
2018-09-11 16:28:56,506 DEBUG [Forwarding newSession on session null to remote] DefaultManagedHttpClientConnection:88 - http-outgoing-0: set socket timeout to 10800000
2018-09-11 16:28:56,507 DEBUG [Forwarding newSession on session null to remote] MainClientExec:256 - Executing request POST /session HTTP/1.1
2018-09-11 16:28:56,507 DEBUG [Forwarding newSession on session null to remote] MainClientExec:261 - Target auth state: UNCHALLENGED
2018-09-11 16:28:56,508 DEBUG [Forwarding newSession on session null to remote] MainClientExec:267 - Proxy auth state: UNCHALLENGED
2018-09-11 16:28:56,510 DEBUG [Forwarding newSession on session null to remote] headers:133 - http-outgoing-0 >> POST /session HTTP/1.1
2018-09-11 16:28:56,511 DEBUG [Forwarding newSession on session null to remote] headers:136 - http-outgoing-0 >> Content-Type: application/json; charset=utf-8
2018-09-11 16:28:56,511 DEBUG [Forwarding newSession on session null to remote] headers:136 - http-outgoing-0 >> Content-Length: 550
2018-09-11 16:28:56,512 DEBUG [Forwarding newSession on session null to remote] headers:136 - http-outgoing-0 >> Host: localhost:1177
2018-09-11 16:28:56,512 DEBUG [Forwarding newSession on session null to remote] headers:136 - http-outgoing-0 >> Connection: Keep-Alive
2018-09-11 16:28:56,514 DEBUG [Forwarding newSession on session null to remote] headers:136 - http-outgoing-0 >> User-Agent: Apache-HttpClient/4.5.3 (Java/1.8.0_181)
2018-09-11 16:28:56,514 DEBUG [Forwarding newSession on session null to remote] headers:136 - http-outgoing-0 >> Accept-Encoding: gzip,deflate
2018-09-11 16:28:56,515 DEBUG [Forwarding newSession on session null to remote] wire:73 - http-outgoing-0 >> "POST /session HTTP/1.1[\r][\n]"
2018-09-11 16:28:56,515 DEBUG [Forwarding newSession on session null to remote] wire:73 - http-outgoing-0 >> "Content-Type: application/json; charset=utf-8[\r][\n]"
2018-09-11 16:28:56,516 DEBUG [Forwarding newSession on session null to remote] wire:73 - http-outgoing-0 >> "Content-Length: 550[\r][\n]"
2018-09-11 16:28:56,516 DEBUG [Forwarding newSession on session null to remote] wire:73 - http-outgoing-0 >> "Host: localhost:1177[\r][\n]"
2018-09-11 16:28:56,517 DEBUG [Forwarding newSession on session null to remote] wire:73 - http-outgoing-0 >> "Connection: Keep-Alive[\r][\n]"
2018-09-11 16:28:56,517 DEBUG [Forwarding newSession on session null to remote] wire:73 - http-outgoing-0 >> "User-Agent: Apache-HttpClient/4.5.3 (Java/1.8.0_181)[\r][\n]"
2018-09-11 16:28:56,517 DEBUG [Forwarding newSession on session null to remote] wire:73 - http-outgoing-0 >> "Accept-Encoding: gzip,deflate[\r][\n]"
2018-09-11 16:28:56,518 DEBUG [Forwarding newSession on session null to remote] wire:73 - http-outgoing-0 >> "[\r][\n]"
2018-09-11 16:28:56,518 DEBUG [Forwarding newSession on session null to remote] wire:73 - http-outgoing-0 >> "{[\n]"
2018-09-11 16:28:56,518 DEBUG [Forwarding newSession on session null to remote] wire:73 - http-outgoing-0 >> "  "desiredCapabilities": {[\n]"
2018-09-11 16:28:56,519 DEBUG [Forwarding newSession on session null to remote] wire:73 - http-outgoing-0 >> "    "browserName": "chrome",[\n]"
2018-09-11 16:28:56,519 DEBUG [Forwarding newSession on session null to remote] wire:73 - http-outgoing-0 >> "    "chromeOptions": {[\n]"
2018-09-11 16:28:56,520 DEBUG [Forwarding newSession on session null to remote] wire:73 - http-outgoing-0 >> "      "args": [],[\n]"
2018-09-11 16:28:56,520 DEBUG [Forwarding newSession on session null to remote] wire:73 - http-outgoing-0 >> "      "extensions": [][\n]"
2018-09-11 16:28:56,520 DEBUG [Forwarding newSession on session null to remote] wire:73 - http-outgoing-0 >> "    },[\n]"
2018-09-11 16:28:56,521 DEBUG [Forwarding newSession on session null to remote] wire:73 - http-outgoing-0 >> "    "version": "",[\n]"
2018-09-11 16:28:56,521 DEBUG [Forwarding newSession on session null to remote] wire:73 - http-outgoing-0 >> "    "platform": "ANY"[\n]"
2018-09-11 16:28:56,521 DEBUG [Forwarding newSession on session null to remote] wire:73 - http-outgoing-0 >> "  },[\n]"
2018-09-11 16:28:56,522 DEBUG [Forwarding newSession on session null to remote] wire:73 - http-outgoing-0 >> "  "requiredCapabilities": {},[\n]"
2018-09-11 16:28:56,522 DEBUG [Forwarding newSession on session null to remote] wire:73 - http-outgoing-0 >> "  "capabilities": {[\n]"
2018-09-11 16:28:56,522 DEBUG [Forwarding newSession on session null to remote] wire:73 - http-outgoing-0 >> "    "desiredCapabilities": {[\n]"
2018-09-11 16:28:56,523 DEBUG [Forwarding newSession on session null to remote] wire:73 - http-outgoing-0 >> "      "browserName": "chrome",[\n]"
2018-09-11 16:28:56,523 DEBUG [Forwarding newSession on session null to remote] wire:73 - http-outgoing-0 >> "      "chromeOptions": {[\n]"
2018-09-11 16:28:56,524 DEBUG [Forwarding newSession on session null to remote] wire:73 - http-outgoing-0 >> "        "args": [],[\n]"
2018-09-11 16:28:56,524 DEBUG [Forwarding newSession on session null to remote] wire:73 - http-outgoing-0 >> "        "extensions": [][\n]"
2018-09-11 16:28:56,524 DEBUG [Forwarding newSession on session null to remote] wire:73 - http-outgoing-0 >> "      },[\n]"
2018-09-11 16:28:56,525 DEBUG [Forwarding newSession on session null to remote] wire:73 - http-outgoing-0 >> "      "version": "",[\n]"
2018-09-11 16:28:56,525 DEBUG [Forwarding newSession on session null to remote] wire:73 - http-outgoing-0 >> "      "platform": "ANY"[\n]"
2018-09-11 16:28:56,525 DEBUG [Forwarding newSession on session null to remote] wire:73 - http-outgoing-0 >> "    },[\n]"
2018-09-11 16:28:56,526 DEBUG [Forwarding newSession on session null to remote] wire:73 - http-outgoing-0 >> "    "requiredCapabilities": {},[\n]"
2018-09-11 16:28:56,526 DEBUG [Forwarding newSession on session null to remote] wire:73 - http-outgoing-0 >> "    "alwaysMatch": {},[\n]"
2018-09-11 16:28:56,526 DEBUG [Forwarding newSession on session null to remote] wire:73 - http-outgoing-0 >> "    "firstMatch": [[\n]"
2018-09-11 16:28:56,527 DEBUG [Forwarding newSession on session null to remote] wire:73 - http-outgoing-0 >> "      {[\n]"
2018-09-11 16:28:56,527 DEBUG [Forwarding newSession on session null to remote] wire:73 - http-outgoing-0 >> "        "browserName": "chrome"[\n]"
2018-09-11 16:28:56,528 DEBUG [Forwarding newSession on session null to remote] wire:73 - http-outgoing-0 >> "      }[\n]"
2018-09-11 16:28:56,528 DEBUG [Forwarding newSession on session null to remote] wire:73 - http-outgoing-0 >> "    ][\n]"
2018-09-11 16:28:56,528 DEBUG [Forwarding newSession on session null to remote] wire:73 - http-outgoing-0 >> "  }[\n]"
2018-09-11 16:28:56,529 DEBUG [Forwarding newSession on session null to remote] wire:87 - http-outgoing-0 >> "}"
2018-09-11 16:28:57,092 DEBUG [Forwarding newSession on session null to remote] wire:73 - http-outgoing-0 << "HTTP/1.1 200 OK[\r][\n]"
2018-09-11 16:28:57,093 DEBUG [Forwarding newSession on session null to remote] wire:73 - http-outgoing-0 << "Content-Length:856[\r][\n]"
2018-09-11 16:28:57,093 DEBUG [Forwarding newSession on session null to remote] wire:73 - http-outgoing-0 << "Content-Type:application/json; charset=utf-8[\r][\n]"
2018-09-11 16:28:57,094 DEBUG [Forwarding newSession on session null to remote] wire:73 - http-outgoing-0 << "[\r][\n]"
2018-09-11 16:28:57,094 DEBUG [Forwarding newSession on session null to remote] wire:87 - http-outgoing-0 << "{"sessionId":"c32d09cdd253948b4c6a7ebb6217721d","status":0,"value":{"acceptInsecureCerts":false,"acceptSslCerts":false,"applicationCacheEnabled":false,"browserConnectionEnabled":false,"browserName":"chrome","chrome":{"chromedriverVersion":"2.41.578700 (2f1ed5f9343c13f73144538f15c00b370eda6706)","userDataDir":"/tmp/.org.chromium.Chromium.iAIs3K"},"cssSelectorsEnabled":true,"databaseEnabled":false,"goog:chromeOptions":{"debuggerAddress":"localhost:42357"},"handlesAlerts":true,"hasTouchScreen":false,"javascriptEnabled":true,"locationContextEnabled":true,"mobileEmulationEnabled":false,"nativeEvents":true,"networkConnectionEnabled":false,"pageLoadStrategy":"normal","platform":"Linux","rotatable":false,"setWindowRect":true,"takesHeapSnapshot":true,"takesScreenshot":true,"unexpectedAlertBehaviour":"","version":"68.0.3440.75","webStorageEnabled":true}}"
2018-09-11 16:28:57,100 DEBUG [Forwarding newSession on session null to remote] headers:122 - http-outgoing-0 << HTTP/1.1 200 OK
2018-09-11 16:28:57,100 DEBUG [Forwarding newSession on session null to remote] headers:125 - http-outgoing-0 << Content-Length:856
2018-09-11 16:28:57,101 DEBUG [Forwarding newSession on session null to remote] headers:125 - http-outgoing-0 << Content-Type:application/json; charset=utf-8
2018-09-11 16:28:57,110 DEBUG [Forwarding newSession on session null to remote] MainClientExec:285 - Connection can be kept alive indefinitely
2018-09-11 16:28:57,120 DEBUG [Forwarding newSession on session null to remote] PoolingHttpClientConnectionManager:320 - Connection [id: 0][route: {}->http://localhost:1177] can be kept alive indefinitely
2018-09-11 16:28:57,121 DEBUG [Forwarding newSession on session null to remote] PoolingHttpClientConnectionManager:326 - Connection released: [id: 0][route: {}->http://localhost:1177][total kept alive: 1; route allocated: 1 of 2000; total allocated: 1 of 2000]
2018-09-11 16:28:57,221 DEBUG [Forwarding maximizeCurrentWindow on session c32d09cdd253948b4c6a7ebb6217721d to remote] RequestAddCookies:123 - CookieSpec selected: default
2018-09-11 16:28:57,227 DEBUG [Forwarding maximizeCurrentWindow on session c32d09cdd253948b4c6a7ebb6217721d to remote] RequestAuthCache:77 - Auth cache not set in the context
2018-09-11 16:28:57,228 DEBUG [Forwarding maximizeCurrentWindow on session c32d09cdd253948b4c6a7ebb6217721d to remote] PoolingHttpClientConnectionManager:255 - Connection request: [route: {}->http://localhost:1177][total kept alive: 1; route allocated: 1 of 2000; total allocated: 1 of 2000]
2018-09-11 16:28:57,229 DEBUG [Forwarding maximizeCurrentWindow on session c32d09cdd253948b4c6a7ebb6217721d to remote] PoolingHttpClientConnectionManager:288 - Connection leased: [id: 0][route: {}->http://localhost:1177][total kept alive: 0; route allocated: 1 of 2000; total allocated: 1 of 2000]
2018-09-11 16:28:57,229 DEBUG [Forwarding maximizeCurrentWindow on session c32d09cdd253948b4c6a7ebb6217721d to remote] MainClientExec:208 - Stale connection check
2018-09-11 16:28:57,231 DEBUG [Forwarding maximizeCurrentWindow on session c32d09cdd253948b4c6a7ebb6217721d to remote] wire:87 - http-outgoing-0 << "[read] I/O error: Read timed out"
2018-09-11 16:28:57,232 DEBUG [Forwarding maximizeCurrentWindow on session c32d09cdd253948b4c6a7ebb6217721d to remote] DefaultManagedHttpClientConnection:88 - http-outgoing-0: set socket timeout to 10800000
2018-09-11 16:28:57,232 DEBUG [Forwarding maximizeCurrentWindow on session c32d09cdd253948b4c6a7ebb6217721d to remote] MainClientExec:256 - Executing request POST /session/c32d09cdd253948b4c6a7ebb6217721d/window/current/maximize HTTP/1.1
2018-09-11 16:28:57,232 DEBUG [Forwarding maximizeCurrentWindow on session c32d09cdd253948b4c6a7ebb6217721d to remote] MainClientExec:261 - Target auth state: UNCHALLENGED
2018-09-11 16:28:57,233 DEBUG [Forwarding maximizeCurrentWindow on session c32d09cdd253948b4c6a7ebb6217721d to remote] MainClientExec:267 - Proxy auth state: UNCHALLENGED
2018-09-11 16:28:57,233 DEBUG [Forwarding maximizeCurrentWindow on session c32d09cdd253948b4c6a7ebb6217721d to remote] headers:133 - http-outgoing-0 >> POST /session/c32d09cdd253948b4c6a7ebb6217721d/window/current/maximize HTTP/1.1
2018-09-11 16:28:57,234 DEBUG [Forwarding maximizeCurrentWindow on session c32d09cdd253948b4c6a7ebb6217721d to remote] headers:136 - http-outgoing-0 >> Content-Type: application/json; charset=utf-8
2018-09-11 16:28:57,234 DEBUG [Forwarding maximizeCurrentWindow on session c32d09cdd253948b4c6a7ebb6217721d to remote] headers:136 - http-outgoing-0 >> Content-Length: 45
2018-09-11 16:28:57,234 DEBUG [Forwarding maximizeCurrentWindow on session c32d09cdd253948b4c6a7ebb6217721d to remote] headers:136 - http-outgoing-0 >> Host: localhost:1177
2018-09-11 16:28:57,235 DEBUG [Forwarding maximizeCurrentWindow on session c32d09cdd253948b4c6a7ebb6217721d to remote] headers:136 - http-outgoing-0 >> Connection: Keep-Alive
2018-09-11 16:28:57,235 DEBUG [Forwarding maximizeCurrentWindow on session c32d09cdd253948b4c6a7ebb6217721d to remote] headers:136 - http-outgoing-0 >> User-Agent: Apache-HttpClient/4.5.3 (Java/1.8.0_181)
2018-09-11 16:28:57,235 DEBUG [Forwarding maximizeCurrentWindow on session c32d09cdd253948b4c6a7ebb6217721d to remote] headers:136 - http-outgoing-0 >> Accept-Encoding: gzip,deflate
2018-09-11 16:28:57,236 DEBUG [Forwarding maximizeCurrentWindow on session c32d09cdd253948b4c6a7ebb6217721d to remote] wire:73 - http-outgoing-0 >> "POST /session/c32d09cdd253948b4c6a7ebb6217721d/window/current/maximize HTTP/1.1[\r][\n]"
2018-09-11 16:28:57,236 DEBUG [Forwarding maximizeCurrentWindow on session c32d09cdd253948b4c6a7ebb6217721d to remote] wire:73 - http-outgoing-0 >> "Content-Type: application/json; charset=utf-8[\r][\n]"
2018-09-11 16:28:57,236 DEBUG [Forwarding maximizeCurrentWindow on session c32d09cdd253948b4c6a7ebb6217721d to remote] wire:73 - http-outgoing-0 >> "Content-Length: 45[\r][\n]"
2018-09-11 16:28:57,237 DEBUG [Forwarding maximizeCurrentWindow on session c32d09cdd253948b4c6a7ebb6217721d to remote] wire:73 - http-outgoing-0 >> "Host: localhost:1177[\r][\n]"
2018-09-11 16:28:57,237 DEBUG [Forwarding maximizeCurrentWindow on session c32d09cdd253948b4c6a7ebb6217721d to remote] wire:73 - http-outgoing-0 >> "Connection: Keep-Alive[\r][\n]"
2018-09-11 16:28:57,237 DEBUG [Forwarding maximizeCurrentWindow on session c32d09cdd253948b4c6a7ebb6217721d to remote] wire:73 - http-outgoing-0 >> "User-Agent: Apache-HttpClient/4.5.3 (Java/1.8.0_181)[\r][\n]"
2018-09-11 16:28:57,238 DEBUG [Forwarding maximizeCurrentWindow on session c32d09cdd253948b4c6a7ebb6217721d to remote] wire:73 - http-outgoing-0 >> "Accept-Encoding: gzip,deflate[\r][\n]"
2018-09-11 16:28:57,243 DEBUG [Forwarding maximizeCurrentWindow on session c32d09cdd253948b4c6a7ebb6217721d to remote] wire:73 - http-outgoing-0 >> "[\r][\n]"
2018-09-11 16:28:57,244 DEBUG [Forwarding maximizeCurrentWindow on session c32d09cdd253948b4c6a7ebb6217721d to remote] wire:87 - http-outgoing-0 >> "{"windowHandle":"current","handle":"current"}"
2018-09-11 16:28:57,346 DEBUG [Forwarding maximizeCurrentWindow on session c32d09cdd253948b4c6a7ebb6217721d to remote] wire:73 - http-outgoing-0 << "HTTP/1.1 200 OK[\r][\n]"
2018-09-11 16:28:57,347 DEBUG [Forwarding maximizeCurrentWindow on session c32d09cdd253948b4c6a7ebb6217721d to remote] wire:73 - http-outgoing-0 << "Content-Length:72[\r][\n]"
2018-09-11 16:28:57,348 DEBUG [Forwarding maximizeCurrentWindow on session c32d09cdd253948b4c6a7ebb6217721d to remote] wire:73 - http-outgoing-0 << "Content-Type:application/json; charset=utf-8[\r][\n]"
2018-09-11 16:28:57,349 DEBUG [Forwarding maximizeCurrentWindow on session c32d09cdd253948b4c6a7ebb6217721d to remote] wire:73 - http-outgoing-0 << "[\r][\n]"
2018-09-11 16:28:57,349 DEBUG [Forwarding maximizeCurrentWindow on session c32d09cdd253948b4c6a7ebb6217721d to remote] wire:87 - http-outgoing-0 << "{"sessionId":"c32d09cdd253948b4c6a7ebb6217721d","status":0,"value":null}"
2018-09-11 16:28:57,349 DEBUG [Forwarding maximizeCurrentWindow on session c32d09cdd253948b4c6a7ebb6217721d to remote] headers:122 - http-outgoing-0 << HTTP/1.1 200 OK
2018-09-11 16:28:57,349 DEBUG [Forwarding maximizeCurrentWindow on session c32d09cdd253948b4c6a7ebb6217721d to remote] headers:125 - http-outgoing-0 << Content-Length:72
2018-09-11 16:28:57,350 DEBUG [Forwarding maximizeCurrentWindow on session c32d09cdd253948b4c6a7ebb6217721d to remote] headers:125 - http-outgoing-0 << Content-Type:application/json; charset=utf-8
2018-09-11 16:28:57,350 DEBUG [Forwarding maximizeCurrentWindow on session c32d09cdd253948b4c6a7ebb6217721d to remote] MainClientExec:285 - Connection can be kept alive indefinitely
2018-09-11 16:28:57,350 DEBUG [Forwarding maximizeCurrentWindow on session c32d09cdd253948b4c6a7ebb6217721d to remote] PoolingHttpClientConnectionManager:320 - Connection [id: 0][route: {}->http://localhost:1177] can be kept alive indefinitely
2018-09-11 16:28:57,350 DEBUG [Forwarding maximizeCurrentWindow on session c32d09cdd253948b4c6a7ebb6217721d to remote] PoolingHttpClientConnectionManager:326 - Connection released: [id: 0][route: {}->http://localhost:1177][total kept alive: 1; route allocated: 1 of 2000; total allocated: 1 of 2000]
2018-09-11 16:28:57,357 DEBUG [Forwarding deleteAllCookies on session c32d09cdd253948b4c6a7ebb6217721d to remote] RequestAddCookies:123 - CookieSpec selected: default
2018-09-11 16:28:57,357 DEBUG [Forwarding deleteAllCookies on session c32d09cdd253948b4c6a7ebb6217721d to remote] RequestAuthCache:77 - Auth cache not set in the context
2018-09-11 16:28:57,360 DEBUG [Forwarding deleteAllCookies on session c32d09cdd253948b4c6a7ebb6217721d to remote] PoolingHttpClientConnectionManager:255 - Connection request: [route: {}->http://localhost:1177][total kept alive: 1; route allocated: 1 of 2000; total allocated: 1 of 2000]
2018-09-11 16:28:57,361 DEBUG [Forwarding deleteAllCookies on session c32d09cdd253948b4c6a7ebb6217721d to remote] PoolingHttpClientConnectionManager:288 - Connection leased: [id: 0][route: {}->http://localhost:1177][total kept alive: 0; route allocated: 1 of 2000; total allocated: 1 of 2000]
2018-09-11 16:28:57,361 DEBUG [Forwarding deleteAllCookies on session c32d09cdd253948b4c6a7ebb6217721d to remote] MainClientExec:208 - Stale connection check
2018-09-11 16:28:57,363 DEBUG [Forwarding deleteAllCookies on session c32d09cdd253948b4c6a7ebb6217721d to remote] wire:87 - http-outgoing-0 << "[read] I/O error: Read timed out"
2018-09-11 16:28:57,364 DEBUG [Forwarding deleteAllCookies on session c32d09cdd253948b4c6a7ebb6217721d to remote] DefaultManagedHttpClientConnection:88 - http-outgoing-0: set socket timeout to 10800000
2018-09-11 16:28:57,366 DEBUG [Forwarding deleteAllCookies on session c32d09cdd253948b4c6a7ebb6217721d to remote] MainClientExec:256 - Executing request DELETE /session/c32d09cdd253948b4c6a7ebb6217721d/cookie HTTP/1.1
2018-09-11 16:28:57,367 DEBUG [Forwarding deleteAllCookies on session c32d09cdd253948b4c6a7ebb6217721d to remote] MainClientExec:261 - Target auth state: UNCHALLENGED
2018-09-11 16:28:57,367 DEBUG [Forwarding deleteAllCookies on session c32d09cdd253948b4c6a7ebb6217721d to remote] MainClientExec:267 - Proxy auth state: UNCHALLENGED
2018-09-11 16:28:57,367 DEBUG [Forwarding deleteAllCookies on session c32d09cdd253948b4c6a7ebb6217721d to remote] headers:133 - http-outgoing-0 >> DELETE /session/c32d09cdd253948b4c6a7ebb6217721d/cookie HTTP/1.1
2018-09-11 16:28:57,368 DEBUG [Forwarding deleteAllCookies on session c32d09cdd253948b4c6a7ebb6217721d to remote] headers:136 - http-outgoing-0 >> Host: localhost:1177
2018-09-11 16:28:57,368 DEBUG [Forwarding deleteAllCookies on session c32d09cdd253948b4c6a7ebb6217721d to remote] headers:136 - http-outgoing-0 >> Connection: Keep-Alive
2018-09-11 16:28:57,368 DEBUG [Forwarding deleteAllCookies on session c32d09cdd253948b4c6a7ebb6217721d to remote] headers:136 - http-outgoing-0 >> User-Agent: Apache-HttpClient/4.5.3 (Java/1.8.0_181)
2018-09-11 16:28:57,369 DEBUG [Forwarding deleteAllCookies on session c32d09cdd253948b4c6a7ebb6217721d to remote] headers:136 - http-outgoing-0 >> Accept-Encoding: gzip,deflate
2018-09-11 16:28:57,369 DEBUG [Forwarding deleteAllCookies on session c32d09cdd253948b4c6a7ebb6217721d to remote] wire:73 - http-outgoing-0 >> "DELETE /session/c32d09cdd253948b4c6a7ebb6217721d/cookie HTTP/1.1[\r][\n]"
2018-09-11 16:28:57,369 DEBUG [Forwarding deleteAllCookies on session c32d09cdd253948b4c6a7ebb6217721d to remote] wire:73 - http-outgoing-0 >> "Host: localhost:1177[\r][\n]"
2018-09-11 16:28:57,369 DEBUG [Forwarding deleteAllCookies on session c32d09cdd253948b4c6a7ebb6217721d to remote] wire:73 - http-outgoing-0 >> "Connection: Keep-Alive[\r][\n]"
2018-09-11 16:28:57,370 DEBUG [Forwarding deleteAllCookies on session c32d09cdd253948b4c6a7ebb6217721d to remote] wire:73 - http-outgoing-0 >> "User-Agent: Apache-HttpClient/4.5.3 (Java/1.8.0_181)[\r][\n]"
2018-09-11 16:28:57,370 DEBUG [Forwarding deleteAllCookies on session c32d09cdd253948b4c6a7ebb6217721d to remote] wire:73 - http-outgoing-0 >> "Accept-Encoding: gzip,deflate[\r][\n]"
2018-09-11 16:28:57,370 DEBUG [Forwarding deleteAllCookies on session c32d09cdd253948b4c6a7ebb6217721d to remote] wire:73 - http-outgoing-0 >> "[\r][\n]"
2018-09-11 16:28:58,179 DEBUG [Forwarding deleteAllCookies on session c32d09cdd253948b4c6a7ebb6217721d to remote] wire:73 - http-outgoing-0 << "HTTP/1.1 200 OK[\r][\n]"
2018-09-11 16:28:58,181 DEBUG [Forwarding deleteAllCookies on session c32d09cdd253948b4c6a7ebb6217721d to remote] wire:73 - http-outgoing-0 << "Content-Length:72[\r][\n]"
2018-09-11 16:28:58,182 DEBUG [Forwarding deleteAllCookies on session c32d09cdd253948b4c6a7ebb6217721d to remote] wire:73 - http-outgoing-0 << "Content-Type:application/json; charset=utf-8[\r][\n]"
2018-09-11 16:28:58,182 DEBUG [Forwarding deleteAllCookies on session c32d09cdd253948b4c6a7ebb6217721d to remote] wire:73 - http-outgoing-0 << "[\r][\n]"
2018-09-11 16:28:58,183 DEBUG [Forwarding deleteAllCookies on session c32d09cdd253948b4c6a7ebb6217721d to remote] wire:87 - http-outgoing-0 << "{"sessionId":"c32d09cdd253948b4c6a7ebb6217721d","status":0,"value":null}"
2018-09-11 16:28:58,183 DEBUG [Forwarding deleteAllCookies on session c32d09cdd253948b4c6a7ebb6217721d to remote] headers:122 - http-outgoing-0 << HTTP/1.1 200 OK
2018-09-11 16:28:58,184 DEBUG [Forwarding deleteAllCookies on session c32d09cdd253948b4c6a7ebb6217721d to remote] headers:125 - http-outgoing-0 << Content-Length:72
2018-09-11 16:28:58,184 DEBUG [Forwarding deleteAllCookies on session c32d09cdd253948b4c6a7ebb6217721d to remote] headers:125 - http-outgoing-0 << Content-Type:application/json; charset=utf-8
2018-09-11 16:28:58,184 DEBUG [Forwarding deleteAllCookies on session c32d09cdd253948b4c6a7ebb6217721d to remote] MainClientExec:285 - Connection can be kept alive indefinitely
2018-09-11 16:28:58,185 DEBUG [Forwarding deleteAllCookies on session c32d09cdd253948b4c6a7ebb6217721d to remote] PoolingHttpClientConnectionManager:320 - Connection [id: 0][route: {}->http://localhost:1177] can be kept alive indefinitely
2018-09-11 16:28:58,185 DEBUG [Forwarding deleteAllCookies on session c32d09cdd253948b4c6a7ebb6217721d to remote] PoolingHttpClientConnectionManager:326 - Connection released: [id: 0][route: {}->http://localhost:1177][total kept alive: 1; route allocated: 1 of 2000; total allocated: 1 of 2000]
2018-09-11 16:28:58,191 DEBUG [Forwarding setTimeout on session c32d09cdd253948b4c6a7ebb6217721d to remote] RequestAddCookies:123 - CookieSpec selected: default
2018-09-11 16:28:58,192 DEBUG [Forwarding setTimeout on session c32d09cdd253948b4c6a7ebb6217721d to remote] RequestAuthCache:77 - Auth cache not set in the context
2018-09-11 16:28:58,192 DEBUG [Forwarding setTimeout on session c32d09cdd253948b4c6a7ebb6217721d to remote] PoolingHttpClientConnectionManager:255 - Connection request: [route: {}->http://localhost:1177][total kept alive: 1; route allocated: 1 of 2000; total allocated: 1 of 2000]
2018-09-11 16:28:58,193 DEBUG [Forwarding setTimeout on session c32d09cdd253948b4c6a7ebb6217721d to remote] PoolingHttpClientConnectionManager:288 - Connection leased: [id: 0][route: {}->http://localhost:1177][total kept alive: 0; route allocated: 1 of 2000; total allocated: 1 of 2000]
2018-09-11 16:28:58,193 DEBUG [Forwarding setTimeout on session c32d09cdd253948b4c6a7ebb6217721d to remote] MainClientExec:208 - Stale connection check
2018-09-11 16:28:58,195 DEBUG [Forwarding setTimeout on session c32d09cdd253948b4c6a7ebb6217721d to remote] wire:87 - http-outgoing-0 << "[read] I/O error: Read timed out"
2018-09-11 16:28:58,195 DEBUG [Forwarding setTimeout on session c32d09cdd253948b4c6a7ebb6217721d to remote] DefaultManagedHttpClientConnection:88 - http-outgoing-0: set socket timeout to 10800000
2018-09-11 16:28:58,196 DEBUG [Forwarding setTimeout on session c32d09cdd253948b4c6a7ebb6217721d to remote] MainClientExec:256 - Executing request POST /session/c32d09cdd253948b4c6a7ebb6217721d/timeouts HTTP/1.1
2018-09-11 16:28:58,196 DEBUG [Forwarding setTimeout on session c32d09cdd253948b4c6a7ebb6217721d to remote] MainClientExec:261 - Target auth state: UNCHALLENGED
2018-09-11 16:28:58,196 DEBUG [Forwarding setTimeout on session c32d09cdd253948b4c6a7ebb6217721d to remote] MainClientExec:267 - Proxy auth state: UNCHALLENGED
2018-09-11 16:28:58,196 DEBUG [Forwarding setTimeout on session c32d09cdd253948b4c6a7ebb6217721d to remote] headers:133 - http-outgoing-0 >> POST /session/c32d09cdd253948b4c6a7ebb6217721d/timeouts HTTP/1.1
2018-09-11 16:28:58,196 DEBUG [Forwarding setTimeout on session c32d09cdd253948b4c6a7ebb6217721d to remote] headers:136 - http-outgoing-0 >> Content-Type: application/json; charset=utf-8
2018-09-11 16:28:58,196 DEBUG [Forwarding setTimeout on session c32d09cdd253948b4c6a7ebb6217721d to remote] headers:136 - http-outgoing-0 >> Content-Length: 31
2018-09-11 16:28:58,197 DEBUG [Forwarding setTimeout on session c32d09cdd253948b4c6a7ebb6217721d to remote] headers:136 - http-outgoing-0 >> Host: localhost:1177
2018-09-11 16:28:58,197 DEBUG [Forwarding setTimeout on session c32d09cdd253948b4c6a7ebb6217721d to remote] headers:136 - http-outgoing-0 >> Connection: Keep-Alive
2018-09-11 16:28:58,197 DEBUG [Forwarding setTimeout on session c32d09cdd253948b4c6a7ebb6217721d to remote] headers:136 - http-outgoing-0 >> User-Agent: Apache-HttpClient/4.5.3 (Java/1.8.0_181)
2018-09-11 16:28:58,198 DEBUG [Forwarding setTimeout on session c32d09cdd253948b4c6a7ebb6217721d to remote] headers:136 - http-outgoing-0 >> Accept-Encoding: gzip,deflate
2018-09-11 16:28:58,198 DEBUG [Forwarding setTimeout on session c32d09cdd253948b4c6a7ebb6217721d to remote] wire:73 - http-outgoing-0 >> "POST /session/c32d09cdd253948b4c6a7ebb6217721d/timeouts HTTP/1.1[\r][\n]"
2018-09-11 16:28:58,199 DEBUG [Forwarding setTimeout on session c32d09cdd253948b4c6a7ebb6217721d to remote] wire:73 - http-outgoing-0 >> "Content-Type: application/json; charset=utf-8[\r][\n]"
2018-09-11 16:28:58,199 DEBUG [Forwarding setTimeout on session c32d09cdd253948b4c6a7ebb6217721d to remote] wire:73 - http-outgoing-0 >> "Content-Length: 31[\r][\n]"
2018-09-11 16:28:58,199 DEBUG [Forwarding setTimeout on session c32d09cdd253948b4c6a7ebb6217721d to remote] wire:73 - http-outgoing-0 >> "Host: localhost:1177[\r][\n]"
2018-09-11 16:28:58,200 DEBUG [Forwarding setTimeout on session c32d09cdd253948b4c6a7ebb6217721d to remote] wire:73 - http-outgoing-0 >> "Connection: Keep-Alive[\r][\n]"
2018-09-11 16:28:58,200 DEBUG [Forwarding setTimeout on session c32d09cdd253948b4c6a7ebb6217721d to remote] wire:73 - http-outgoing-0 >> "User-Agent: Apache-HttpClient/4.5.3 (Java/1.8.0_181)[\r][\n]"
2018-09-11 16:28:58,200 DEBUG [Forwarding setTimeout on session c32d09cdd253948b4c6a7ebb6217721d to remote] wire:73 - http-outgoing-0 >> "Accept-Encoding: gzip,deflate[\r][\n]"
2018-09-11 16:28:58,200 DEBUG [Forwarding setTimeout on session c32d09cdd253948b4c6a7ebb6217721d to remote] wire:73 - http-outgoing-0 >> "[\r][\n]"
2018-09-11 16:28:58,200 DEBUG [Forwarding setTimeout on session c32d09cdd253948b4c6a7ebb6217721d to remote] wire:87 - http-outgoing-0 >> "{"type":"page load","ms":20000}"
2018-09-11 16:28:58,202 DEBUG [Forwarding setTimeout on session c32d09cdd253948b4c6a7ebb6217721d to remote] wire:73 - http-outgoing-0 << "HTTP/1.1 200 OK[\r][\n]"
2018-09-11 16:28:58,202 DEBUG [Forwarding setTimeout on session c32d09cdd253948b4c6a7ebb6217721d to remote] wire:73 - http-outgoing-0 << "Content-Length:72[\r][\n]"
2018-09-11 16:28:58,203 DEBUG [Forwarding setTimeout on session c32d09cdd253948b4c6a7ebb6217721d to remote] wire:73 - http-outgoing-0 << "Content-Type:application/json; charset=utf-8[\r][\n]"
2018-09-11 16:28:58,203 DEBUG [Forwarding setTimeout on session c32d09cdd253948b4c6a7ebb6217721d to remote] wire:73 - http-outgoing-0 << "[\r][\n]"
2018-09-11 16:28:58,203 DEBUG [Forwarding setTimeout on session c32d09cdd253948b4c6a7ebb6217721d to remote] wire:87 - http-outgoing-0 << "{"sessionId":"c32d09cdd253948b4c6a7ebb6217721d","status":0,"value":null}"
2018-09-11 16:28:58,204 DEBUG [Forwarding setTimeout on session c32d09cdd253948b4c6a7ebb6217721d to remote] headers:122 - http-outgoing-0 << HTTP/1.1 200 OK
2018-09-11 16:28:58,204 DEBUG [Forwarding setTimeout on session c32d09cdd253948b4c6a7ebb6217721d to remote] headers:125 - http-outgoing-0 << Content-Length:72
2018-09-11 16:28:58,204 DEBUG [Forwarding setTimeout on session c32d09cdd253948b4c6a7ebb6217721d to remote] headers:125 - http-outgoing-0 << Content-Type:application/json; charset=utf-8
2018-09-11 16:28:58,204 DEBUG [Forwarding setTimeout on session c32d09cdd253948b4c6a7ebb6217721d to remote] MainClientExec:285 - Connection can be kept alive indefinitely
2018-09-11 16:28:58,204 DEBUG [Forwarding setTimeout on session c32d09cdd253948b4c6a7ebb6217721d to remote] PoolingHttpClientConnectionManager:320 - Connection [id: 0][route: {}->http://localhost:1177] can be kept alive indefinitely
2018-09-11 16:28:58,205 DEBUG [Forwarding setTimeout on session c32d09cdd253948b4c6a7ebb6217721d to remote] PoolingHttpClientConnectionManager:326 - Connection released: [id: 0][route: {}->http://localhost:1177][total kept alive: 1; route allocated: 1 of 2000; total allocated: 1 of 2000]
2018-09-11 16:28:58,207 DEBUG [Forwarding setTimeout on session c32d09cdd253948b4c6a7ebb6217721d to remote] RequestAddCookies:123 - CookieSpec selected: default
2018-09-11 16:28:58,207 DEBUG [Forwarding setTimeout on session c32d09cdd253948b4c6a7ebb6217721d to remote] RequestAuthCache:77 - Auth cache not set in the context
2018-09-11 16:28:58,207 DEBUG [Forwarding setTimeout on session c32d09cdd253948b4c6a7ebb6217721d to remote] PoolingHttpClientConnectionManager:255 - Connection request: [route: {}->http://localhost:1177][total kept alive: 1; route allocated: 1 of 2000; total allocated: 1 of 2000]
2018-09-11 16:28:58,208 DEBUG [Forwarding setTimeout on session c32d09cdd253948b4c6a7ebb6217721d to remote] PoolingHttpClientConnectionManager:288 - Connection leased: [id: 0][route: {}->http://localhost:1177][total kept alive: 0; route allocated: 1 of 2000; total allocated: 1 of 2000]
2018-09-11 16:28:58,208 DEBUG [Forwarding setTimeout on session c32d09cdd253948b4c6a7ebb6217721d to remote] MainClientExec:208 - Stale connection check
2018-09-11 16:28:58,209 DEBUG [Forwarding setTimeout on session c32d09cdd253948b4c6a7ebb6217721d to remote] wire:87 - http-outgoing-0 << "[read] I/O error: Read timed out"
2018-09-11 16:28:58,210 DEBUG [Forwarding setTimeout on session c32d09cdd253948b4c6a7ebb6217721d to remote] DefaultManagedHttpClientConnection:88 - http-outgoing-0: set socket timeout to 10800000
2018-09-11 16:28:58,211 DEBUG [Forwarding setTimeout on session c32d09cdd253948b4c6a7ebb6217721d to remote] MainClientExec:256 - Executing request POST /session/c32d09cdd253948b4c6a7ebb6217721d/timeouts HTTP/1.1
2018-09-11 16:28:58,211 DEBUG [Forwarding setTimeout on session c32d09cdd253948b4c6a7ebb6217721d to remote] MainClientExec:261 - Target auth state: UNCHALLENGED
2018-09-11 16:28:58,211 DEBUG [Forwarding setTimeout on session c32d09cdd253948b4c6a7ebb6217721d to remote] MainClientExec:267 - Proxy auth state: UNCHALLENGED
2018-09-11 16:28:58,211 DEBUG [Forwarding setTimeout on session c32d09cdd253948b4c6a7ebb6217721d to remote] headers:133 - http-outgoing-0 >> POST /session/c32d09cdd253948b4c6a7ebb6217721d/timeouts HTTP/1.1
2018-09-11 16:28:58,212 DEBUG [Forwarding setTimeout on session c32d09cdd253948b4c6a7ebb6217721d to remote] headers:136 - http-outgoing-0 >> Content-Type: application/json; charset=utf-8
2018-09-11 16:28:58,212 DEBUG [Forwarding setTimeout on session c32d09cdd253948b4c6a7ebb6217721d to remote] headers:136 - http-outgoing-0 >> Content-Length: 30
2018-09-11 16:28:58,212 DEBUG [Forwarding setTimeout on session c32d09cdd253948b4c6a7ebb6217721d to remote] headers:136 - http-outgoing-0 >> Host: localhost:1177
2018-09-11 16:28:58,212 DEBUG [Forwarding setTimeout on session c32d09cdd253948b4c6a7ebb6217721d to remote] headers:136 - http-outgoing-0 >> Connection: Keep-Alive
2018-09-11 16:28:58,213 DEBUG [Forwarding setTimeout on session c32d09cdd253948b4c6a7ebb6217721d to remote] headers:136 - http-outgoing-0 >> User-Agent: Apache-HttpClient/4.5.3 (Java/1.8.0_181)
2018-09-11 16:28:58,213 DEBUG [Forwarding setTimeout on session c32d09cdd253948b4c6a7ebb6217721d to remote] headers:136 - http-outgoing-0 >> Accept-Encoding: gzip,deflate
2018-09-11 16:28:58,213 DEBUG [Forwarding setTimeout on session c32d09cdd253948b4c6a7ebb6217721d to remote] wire:73 - http-outgoing-0 >> "POST /session/c32d09cdd253948b4c6a7ebb6217721d/timeouts HTTP/1.1[\r][\n]"
2018-09-11 16:28:58,214 DEBUG [Forwarding setTimeout on session c32d09cdd253948b4c6a7ebb6217721d to remote] wire:73 - http-outgoing-0 >> "Content-Type: application/json; charset=utf-8[\r][\n]"
2018-09-11 16:28:58,215 DEBUG [Forwarding setTimeout on session c32d09cdd253948b4c6a7ebb6217721d to remote] wire:73 - http-outgoing-0 >> "Content-Length: 30[\r][\n]"
2018-09-11 16:28:58,215 DEBUG [Forwarding setTimeout on session c32d09cdd253948b4c6a7ebb6217721d to remote] wire:73 - http-outgoing-0 >> "Host: localhost:1177[\r][\n]"
2018-09-11 16:28:58,215 DEBUG [Forwarding setTimeout on session c32d09cdd253948b4c6a7ebb6217721d to remote] wire:73 - http-outgoing-0 >> "Connection: Keep-Alive[\r][\n]"
2018-09-11 16:28:58,215 DEBUG [Forwarding setTimeout on session c32d09cdd253948b4c6a7ebb6217721d to remote] wire:73 - http-outgoing-0 >> "User-Agent: Apache-HttpClient/4.5.3 (Java/1.8.0_181)[\r][\n]"
2018-09-11 16:28:58,216 DEBUG [Forwarding setTimeout on session c32d09cdd253948b4c6a7ebb6217721d to remote] wire:73 - http-outgoing-0 >> "Accept-Encoding: gzip,deflate[\r][\n]"
2018-09-11 16:28:58,216 DEBUG [Forwarding setTimeout on session c32d09cdd253948b4c6a7ebb6217721d to remote] wire:73 - http-outgoing-0 >> "[\r][\n]"
2018-09-11 16:28:58,216 DEBUG [Forwarding setTimeout on session c32d09cdd253948b4c6a7ebb6217721d to remote] wire:87 - http-outgoing-0 >> "{"type":"implicit","ms":10000}"
2018-09-11 16:28:58,217 DEBUG [Forwarding setTimeout on session c32d09cdd253948b4c6a7ebb6217721d to remote] wire:73 - http-outgoing-0 << "HTTP/1.1 200 OK[\r][\n]"
2018-09-11 16:28:58,217 DEBUG [Forwarding setTimeout on session c32d09cdd253948b4c6a7ebb6217721d to remote] wire:73 - http-outgoing-0 << "Content-Length:72[\r][\n]"
2018-09-11 16:28:58,217 DEBUG [Forwarding setTimeout on session c32d09cdd253948b4c6a7ebb6217721d to remote] wire:73 - http-outgoing-0 << "Content-Type:application/json; charset=utf-8[\r][\n]"
2018-09-11 16:28:58,218 DEBUG [Forwarding setTimeout on session c32d09cdd253948b4c6a7ebb6217721d to remote] wire:73 - http-outgoing-0 << "[\r][\n]"
2018-09-11 16:28:58,218 DEBUG [Forwarding setTimeout on session c32d09cdd253948b4c6a7ebb6217721d to remote] wire:87 - http-outgoing-0 << "{"sessionId":"c32d09cdd253948b4c6a7ebb6217721d","status":0,"value":null}"
2018-09-11 16:28:58,219 DEBUG [Forwarding setTimeout on session c32d09cdd253948b4c6a7ebb6217721d to remote] headers:122 - http-outgoing-0 << HTTP/1.1 200 OK
2018-09-11 16:28:58,220 DEBUG [Forwarding setTimeout on session c32d09cdd253948b4c6a7ebb6217721d to remote] headers:125 - http-outgoing-0 << Content-Length:72
2018-09-11 16:28:58,220 DEBUG [Forwarding setTimeout on session c32d09cdd253948b4c6a7ebb6217721d to remote] headers:125 - http-outgoing-0 << Content-Type:application/json; charset=utf-8
2018-09-11 16:28:58,221 DEBUG [Forwarding setTimeout on session c32d09cdd253948b4c6a7ebb6217721d to remote] MainClientExec:285 - Connection can be kept alive indefinitely
2018-09-11 16:28:58,221 DEBUG [Forwarding setTimeout on session c32d09cdd253948b4c6a7ebb6217721d to remote] PoolingHttpClientConnectionManager:320 - Connection [id: 0][route: {}->http://localhost:1177] can be kept alive indefinitely
2018-09-11 16:28:58,221 DEBUG [Forwarding setTimeout on session c32d09cdd253948b4c6a7ebb6217721d to remote] PoolingHttpClientConnectionManager:326 - Connection released: [id: 0][route: {}->http://localhost:1177][total kept alive: 1; route allocated: 1 of 2000; total allocated: 1 of 2000]
2018-09-11 16:28:58,224 DEBUG [Forwarding get on session c32d09cdd253948b4c6a7ebb6217721d to remote] RequestAddCookies:123 - CookieSpec selected: default
2018-09-11 16:28:58,224 DEBUG [Forwarding get on session c32d09cdd253948b4c6a7ebb6217721d to remote] RequestAuthCache:77 - Auth cache not set in the context
2018-09-11 16:28:58,225 DEBUG [Forwarding get on session c32d09cdd253948b4c6a7ebb6217721d to remote] PoolingHttpClientConnectionManager:255 - Connection request: [route: {}->http://localhost:1177][total kept alive: 1; route allocated: 1 of 2000; total allocated: 1 of 2000]
2018-09-11 16:28:58,225 DEBUG [Forwarding get on session c32d09cdd253948b4c6a7ebb6217721d to remote] PoolingHttpClientConnectionManager:288 - Connection leased: [id: 0][route: {}->http://localhost:1177][total kept alive: 0; route allocated: 1 of 2000; total allocated: 1 of 2000]
2018-09-11 16:28:58,225 DEBUG [Forwarding get on session c32d09cdd253948b4c6a7ebb6217721d to remote] MainClientExec:208 - Stale connection check
2018-09-11 16:28:58,227 DEBUG [Forwarding get on session c32d09cdd253948b4c6a7ebb6217721d to remote] wire:87 - http-outgoing-0 << "[read] I/O error: Read timed out"
2018-09-11 16:28:58,228 DEBUG [Forwarding get on session c32d09cdd253948b4c6a7ebb6217721d to remote] DefaultManagedHttpClientConnection:88 - http-outgoing-0: set socket timeout to 10800000
2018-09-11 16:28:58,228 DEBUG [Forwarding get on session c32d09cdd253948b4c6a7ebb6217721d to remote] MainClientExec:256 - Executing request POST /session/c32d09cdd253948b4c6a7ebb6217721d/url HTTP/1.1
2018-09-11 16:28:58,228 DEBUG [Forwarding get on session c32d09cdd253948b4c6a7ebb6217721d to remote] MainClientExec:261 - Target auth state: UNCHALLENGED
2018-09-11 16:28:58,228 DEBUG [Forwarding get on session c32d09cdd253948b4c6a7ebb6217721d to remote] MainClientExec:267 - Proxy auth state: UNCHALLENGED
2018-09-11 16:28:58,228 DEBUG [Forwarding get on session c32d09cdd253948b4c6a7ebb6217721d to remote] headers:133 - http-outgoing-0 >> POST /session/c32d09cdd253948b4c6a7ebb6217721d/url HTTP/1.1
2018-09-11 16:28:58,229 DEBUG [Forwarding get on session c32d09cdd253948b4c6a7ebb6217721d to remote] headers:136 - http-outgoing-0 >> Content-Type: application/json; charset=utf-8
2018-09-11 16:28:58,229 DEBUG [Forwarding get on session c32d09cdd253948b4c6a7ebb6217721d to remote] headers:136 - http-outgoing-0 >> Content-Length: 33
2018-09-11 16:28:58,229 DEBUG [Forwarding get on session c32d09cdd253948b4c6a7ebb6217721d to remote] headers:136 - http-outgoing-0 >> Host: localhost:1177
2018-09-11 16:28:58,229 DEBUG [Forwarding get on session c32d09cdd253948b4c6a7ebb6217721d to remote] headers:136 - http-outgoing-0 >> Connection: Keep-Alive
2018-09-11 16:28:58,229 DEBUG [Forwarding get on session c32d09cdd253948b4c6a7ebb6217721d to remote] headers:136 - http-outgoing-0 >> User-Agent: Apache-HttpClient/4.5.3 (Java/1.8.0_181)
2018-09-11 16:28:58,229 DEBUG [Forwarding get on session c32d09cdd253948b4c6a7ebb6217721d to remote] headers:136 - http-outgoing-0 >> Accept-Encoding: gzip,deflate
2018-09-11 16:28:58,230 DEBUG [Forwarding get on session c32d09cdd253948b4c6a7ebb6217721d to remote] wire:73 - http-outgoing-0 >> "POST /session/c32d09cdd253948b4c6a7ebb6217721d/url HTTP/1.1[\r][\n]"
2018-09-11 16:28:58,230 DEBUG [Forwarding get on session c32d09cdd253948b4c6a7ebb6217721d to remote] wire:73 - http-outgoing-0 >> "Content-Type: application/json; charset=utf-8[\r][\n]"
2018-09-11 16:28:58,230 DEBUG [Forwarding get on session c32d09cdd253948b4c6a7ebb6217721d to remote] wire:73 - http-outgoing-0 >> "Content-Length: 33[\r][\n]"
2018-09-11 16:28:58,230 DEBUG [Forwarding get on session c32d09cdd253948b4c6a7ebb6217721d to remote] wire:73 - http-outgoing-0 >> "Host: localhost:1177[\r][\n]"
2018-09-11 16:28:58,230 DEBUG [Forwarding get on session c32d09cdd253948b4c6a7ebb6217721d to remote] wire:73 - http-outgoing-0 >> "Connection: Keep-Alive[\r][\n]"
2018-09-11 16:28:58,231 DEBUG [Forwarding get on session c32d09cdd253948b4c6a7ebb6217721d to remote] wire:73 - http-outgoing-0 >> "User-Agent: Apache-HttpClient/4.5.3 (Java/1.8.0_181)[\r][\n]"
2018-09-11 16:28:58,231 DEBUG [Forwarding get on session c32d09cdd253948b4c6a7ebb6217721d to remote] wire:73 - http-outgoing-0 >> "Accept-Encoding: gzip,deflate[\r][\n]"
2018-09-11 16:28:58,231 DEBUG [Forwarding get on session c32d09cdd253948b4c6a7ebb6217721d to remote] wire:73 - http-outgoing-0 >> "[\r][\n]"
2018-09-11 16:28:58,232 DEBUG [Forwarding get on session c32d09cdd253948b4c6a7ebb6217721d to remote] wire:87 - http-outgoing-0 >> "{"url":"http://www.hotstar.com/"}"
2018-09-11 16:28:59,157 DEBUG [Forwarding get on session c32d09cdd253948b4c6a7ebb6217721d to remote] wire:73 - http-outgoing-0 << "HTTP/1.1 200 OK[\r][\n]"
2018-09-11 16:28:59,157 DEBUG [Forwarding get on session c32d09cdd253948b4c6a7ebb6217721d to remote] wire:73 - http-outgoing-0 << "Content-Length:72[\r][\n]"
2018-09-11 16:28:59,158 DEBUG [Forwarding get on session c32d09cdd253948b4c6a7ebb6217721d to remote] wire:73 - http-outgoing-0 << "Content-Type:application/json; charset=utf-8[\r][\n]"
2018-09-11 16:28:59,158 DEBUG [Forwarding get on session c32d09cdd253948b4c6a7ebb6217721d to remote] wire:73 - http-outgoing-0 << "[\r][\n]"
2018-09-11 16:28:59,158 DEBUG [Forwarding get on session c32d09cdd253948b4c6a7ebb6217721d to remote] wire:87 - http-outgoing-0 << "{"sessionId":"c32d09cdd253948b4c6a7ebb6217721d","status":0,"value":null}"
2018-09-11 16:28:59,158 DEBUG [Forwarding get on session c32d09cdd253948b4c6a7ebb6217721d to remote] headers:122 - http-outgoing-0 << HTTP/1.1 200 OK
2018-09-11 16:28:59,159 DEBUG [Forwarding get on session c32d09cdd253948b4c6a7ebb6217721d to remote] headers:125 - http-outgoing-0 << Content-Length:72
2018-09-11 16:28:59,159 DEBUG [Forwarding get on session c32d09cdd253948b4c6a7ebb6217721d to remote] headers:125 - http-outgoing-0 << Content-Type:application/json; charset=utf-8
2018-09-11 16:28:59,159 DEBUG [Forwarding get on session c32d09cdd253948b4c6a7ebb6217721d to remote] MainClientExec:285 - Connection can be kept alive indefinitely
2018-09-11 16:28:59,159 DEBUG [Forwarding get on session c32d09cdd253948b4c6a7ebb6217721d to remote] PoolingHttpClientConnectionManager:320 - Connection [id: 0][route: {}->http://localhost:1177] can be kept alive indefinitely
2018-09-11 16:28:59,160 DEBUG [Forwarding get on session c32d09cdd253948b4c6a7ebb6217721d to remote] PoolingHttpClientConnectionManager:326 - Connection released: [id: 0][route: {}->http://localhost:1177][total kept alive: 1; route allocated: 1 of 2000; total allocated: 1 of 2000]
2018-09-11 16:28:59,241 DEBUG [Forwarding findElement on session c32d09cdd253948b4c6a7ebb6217721d to remote] RequestAddCookies:123 - CookieSpec selected: default
2018-09-11 16:28:59,242 DEBUG [Forwarding findElement on session c32d09cdd253948b4c6a7ebb6217721d to remote] RequestAuthCache:77 - Auth cache not set in the context
2018-09-11 16:28:59,243 DEBUG [Forwarding findElement on session c32d09cdd253948b4c6a7ebb6217721d to remote] PoolingHttpClientConnectionManager:255 - Connection request: [route: {}->http://localhost:1177][total kept alive: 1; route allocated: 1 of 2000; total allocated: 1 of 2000]
2018-09-11 16:28:59,243 DEBUG [Forwarding findElement on session c32d09cdd253948b4c6a7ebb6217721d to remote] PoolingHttpClientConnectionManager:288 - Connection leased: [id: 0][route: {}->http://localhost:1177][total kept alive: 0; route allocated: 1 of 2000; total allocated: 1 of 2000]
2018-09-11 16:28:59,243 DEBUG [Forwarding findElement on session c32d09cdd253948b4c6a7ebb6217721d to remote] MainClientExec:208 - Stale connection check
2018-09-11 16:28:59,245 DEBUG [Forwarding findElement on session c32d09cdd253948b4c6a7ebb6217721d to remote] wire:87 - http-outgoing-0 << "[read] I/O error: Read timed out"
2018-09-11 16:28:59,246 DEBUG [Forwarding findElement on session c32d09cdd253948b4c6a7ebb6217721d to remote] DefaultManagedHttpClientConnection:88 - http-outgoing-0: set socket timeout to 10800000
2018-09-11 16:28:59,247 DEBUG [Forwarding findElement on session c32d09cdd253948b4c6a7ebb6217721d to remote] MainClientExec:256 - Executing request POST /session/c32d09cdd253948b4c6a7ebb6217721d/element HTTP/1.1
2018-09-11 16:28:59,247 DEBUG [Forwarding findElement on session c32d09cdd253948b4c6a7ebb6217721d to remote] MainClientExec:261 - Target auth state: UNCHALLENGED
2018-09-11 16:28:59,252 DEBUG [Forwarding findElement on session c32d09cdd253948b4c6a7ebb6217721d to remote] MainClientExec:267 - Proxy auth state: UNCHALLENGED
2018-09-11 16:28:59,252 DEBUG [Forwarding findElement on session c32d09cdd253948b4c6a7ebb6217721d to remote] headers:133 - http-outgoing-0 >> POST /session/c32d09cdd253948b4c6a7ebb6217721d/element HTTP/1.1
2018-09-11 16:28:59,253 DEBUG [Forwarding findElement on session c32d09cdd253948b4c6a7ebb6217721d to remote] headers:136 - http-outgoing-0 >> Content-Type: application/json; charset=utf-8
2018-09-11 16:28:59,253 DEBUG [Forwarding findElement on session c32d09cdd253948b4c6a7ebb6217721d to remote] headers:136 - http-outgoing-0 >> Content-Length: 49
2018-09-11 16:28:59,255 DEBUG [Forwarding findElement on session c32d09cdd253948b4c6a7ebb6217721d to remote] headers:136 - http-outgoing-0 >> Host: localhost:1177
2018-09-11 16:28:59,255 DEBUG [Forwarding findElement on session c32d09cdd253948b4c6a7ebb6217721d to remote] headers:136 - http-outgoing-0 >> Connection: Keep-Alive
2018-09-11 16:28:59,256 DEBUG [Forwarding findElement on session c32d09cdd253948b4c6a7ebb6217721d to remote] headers:136 - http-outgoing-0 >> User-Agent: Apache-HttpClient/4.5.3 (Java/1.8.0_181)
2018-09-11 16:28:59,256 DEBUG [Forwarding findElement on session c32d09cdd253948b4c6a7ebb6217721d to remote] headers:136 - http-outgoing-0 >> Accept-Encoding: gzip,deflate
2018-09-11 16:28:59,257 DEBUG [Forwarding findElement on session c32d09cdd253948b4c6a7ebb6217721d to remote] wire:73 - http-outgoing-0 >> "POST /session/c32d09cdd253948b4c6a7ebb6217721d/element HTTP/1.1[\r][\n]"
2018-09-11 16:28:59,257 DEBUG [Forwarding findElement on session c32d09cdd253948b4c6a7ebb6217721d to remote] wire:73 - http-outgoing-0 >> "Content-Type: application/json; charset=utf-8[\r][\n]"
2018-09-11 16:28:59,261 DEBUG [Forwarding findElement on session c32d09cdd253948b4c6a7ebb6217721d to remote] wire:73 - http-outgoing-0 >> "Content-Length: 49[\r][\n]"
2018-09-11 16:28:59,262 DEBUG [Forwarding findElement on session c32d09cdd253948b4c6a7ebb6217721d to remote] wire:73 - http-outgoing-0 >> "Host: localhost:1177[\r][\n]"
2018-09-11 16:28:59,265 DEBUG [Forwarding findElement on session c32d09cdd253948b4c6a7ebb6217721d to remote] wire:73 - http-outgoing-0 >> "Connection: Keep-Alive[\r][\n]"
2018-09-11 16:28:59,266 DEBUG [Forwarding findElement on session c32d09cdd253948b4c6a7ebb6217721d to remote] wire:73 - http-outgoing-0 >> "User-Agent: Apache-HttpClient/4.5.3 (Java/1.8.0_181)[\r][\n]"
2018-09-11 16:28:59,266 DEBUG [Forwarding findElement on session c32d09cdd253948b4c6a7ebb6217721d to remote] wire:73 - http-outgoing-0 >> "Accept-Encoding: gzip,deflate[\r][\n]"
2018-09-11 16:28:59,266 DEBUG [Forwarding findElement on session c32d09cdd253948b4c6a7ebb6217721d to remote] wire:73 - http-outgoing-0 >> "[\r][\n]"
2018-09-11 16:28:59,267 DEBUG [Forwarding findElement on session c32d09cdd253948b4c6a7ebb6217721d to remote] wire:87 - http-outgoing-0 >> "{"using":"xpath","value":"(//a[@href='/tv'])[2]"}"
2018-09-11 16:28:59,587 DEBUG [Forwarding findElement on session c32d09cdd253948b4c6a7ebb6217721d to remote] wire:73 - http-outgoing-0 << "HTTP/1.1 200 OK[\r][\n]"
2018-09-11 16:28:59,587 DEBUG [Forwarding findElement on session c32d09cdd253948b4c6a7ebb6217721d to remote] wire:73 - http-outgoing-0 << "Content-Length:102[\r][\n]"
2018-09-11 16:28:59,587 DEBUG [Forwarding findElement on session c32d09cdd253948b4c6a7ebb6217721d to remote] wire:73 - http-outgoing-0 << "Content-Type:application/json; charset=utf-8[\r][\n]"
2018-09-11 16:28:59,588 DEBUG [Forwarding findElement on session c32d09cdd253948b4c6a7ebb6217721d to remote] wire:73 - http-outgoing-0 << "[\r][\n]"
2018-09-11 16:28:59,588 DEBUG [Forwarding findElement on session c32d09cdd253948b4c6a7ebb6217721d to remote] wire:87 - http-outgoing-0 << "{"sessionId":"c32d09cdd253948b4c6a7ebb6217721d","status":0,"value":{"ELEMENT":"0.5147080359795739-1"}}"
2018-09-11 16:28:59,588 DEBUG [Forwarding findElement on session c32d09cdd253948b4c6a7ebb6217721d to remote] headers:122 - http-outgoing-0 << HTTP/1.1 200 OK
2018-09-11 16:28:59,588 DEBUG [Forwarding findElement on session c32d09cdd253948b4c6a7ebb6217721d to remote] headers:125 - http-outgoing-0 << Content-Length:102
2018-09-11 16:28:59,589 DEBUG [Forwarding findElement on session c32d09cdd253948b4c6a7ebb6217721d to remote] headers:125 - http-outgoing-0 << Content-Type:application/json; charset=utf-8
2018-09-11 16:28:59,589 DEBUG [Forwarding findElement on session c32d09cdd253948b4c6a7ebb6217721d to remote] MainClientExec:285 - Connection can be kept alive indefinitely
2018-09-11 16:28:59,591 DEBUG [Forwarding findElement on session c32d09cdd253948b4c6a7ebb6217721d to remote] PoolingHttpClientConnectionManager:320 - Connection [id: 0][route: {}->http://localhost:1177] can be kept alive indefinitely
2018-09-11 16:28:59,591 DEBUG [Forwarding findElement on session c32d09cdd253948b4c6a7ebb6217721d to remote] PoolingHttpClientConnectionManager:326 - Connection released: [id: 0][route: {}->http://localhost:1177][total kept alive: 1; route allocated: 1 of 2000; total allocated: 1 of 2000]
2018-09-11 16:28:59,616 DEBUG [Forwarding findElement on session c32d09cdd253948b4c6a7ebb6217721d to remote] RequestAddCookies:123 - CookieSpec selected: default
2018-09-11 16:28:59,616 DEBUG [Forwarding findElement on session c32d09cdd253948b4c6a7ebb6217721d to remote] RequestAuthCache:77 - Auth cache not set in the context
2018-09-11 16:28:59,617 DEBUG [Forwarding findElement on session c32d09cdd253948b4c6a7ebb6217721d to remote] PoolingHttpClientConnectionManager:255 - Connection request: [route: {}->http://localhost:1177][total kept alive: 1; route allocated: 1 of 2000; total allocated: 1 of 2000]
2018-09-11 16:28:59,617 DEBUG [Forwarding findElement on session c32d09cdd253948b4c6a7ebb6217721d to remote] PoolingHttpClientConnectionManager:288 - Connection leased: [id: 0][route: {}->http://localhost:1177][total kept alive: 0; route allocated: 1 of 2000; total allocated: 1 of 2000]
2018-09-11 16:28:59,618 DEBUG [Forwarding findElement on session c32d09cdd253948b4c6a7ebb6217721d to remote] MainClientExec:208 - Stale connection check
2018-09-11 16:28:59,619 DEBUG [Forwarding findElement on session c32d09cdd253948b4c6a7ebb6217721d to remote] wire:87 - http-outgoing-0 << "[read] I/O error: Read timed out"
2018-09-11 16:28:59,619 DEBUG [Forwarding findElement on session c32d09cdd253948b4c6a7ebb6217721d to remote] DefaultManagedHttpClientConnection:88 - http-outgoing-0: set socket timeout to 10800000
2018-09-11 16:28:59,620 DEBUG [Forwarding findElement on session c32d09cdd253948b4c6a7ebb6217721d to remote] MainClientExec:256 - Executing request POST /session/c32d09cdd253948b4c6a7ebb6217721d/element HTTP/1.1
2018-09-11 16:28:59,620 DEBUG [Forwarding findElement on session c32d09cdd253948b4c6a7ebb6217721d to remote] MainClientExec:261 - Target auth state: UNCHALLENGED
2018-09-11 16:28:59,620 DEBUG [Forwarding findElement on session c32d09cdd253948b4c6a7ebb6217721d to remote] MainClientExec:267 - Proxy auth state: UNCHALLENGED
2018-09-11 16:28:59,621 DEBUG [Forwarding findElement on session c32d09cdd253948b4c6a7ebb6217721d to remote] headers:133 - http-outgoing-0 >> POST /session/c32d09cdd253948b4c6a7ebb6217721d/element HTTP/1.1
2018-09-11 16:28:59,621 DEBUG [Forwarding findElement on session c32d09cdd253948b4c6a7ebb6217721d to remote] headers:136 - http-outgoing-0 >> Content-Type: application/json; charset=utf-8
2018-09-11 16:28:59,621 DEBUG [Forwarding findElement on session c32d09cdd253948b4c6a7ebb6217721d to remote] headers:136 - http-outgoing-0 >> Content-Length: 49
2018-09-11 16:28:59,622 DEBUG [Forwarding findElement on session c32d09cdd253948b4c6a7ebb6217721d to remote] headers:136 - http-outgoing-0 >> Host: localhost:1177
2018-09-11 16:28:59,622 DEBUG [Forwarding findElement on session c32d09cdd253948b4c6a7ebb6217721d to remote] headers:136 - http-outgoing-0 >> Connection: Keep-Alive
2018-09-11 16:28:59,622 DEBUG [Forwarding findElement on session c32d09cdd253948b4c6a7ebb6217721d to remote] headers:136 - http-outgoing-0 >> User-Agent: Apache-HttpClient/4.5.3 (Java/1.8.0_181)
2018-09-11 16:28:59,623 DEBUG [Forwarding findElement on session c32d09cdd253948b4c6a7ebb6217721d to remote] headers:136 - http-outgoing-0 >> Accept-Encoding: gzip,deflate
2018-09-11 16:28:59,624 DEBUG [Forwarding findElement on session c32d09cdd253948b4c6a7ebb6217721d to remote] wire:73 - http-outgoing-0 >> "POST /session/c32d09cdd253948b4c6a7ebb6217721d/element HTTP/1.1[\r][\n]"
2018-09-11 16:28:59,625 DEBUG [Forwarding findElement on session c32d09cdd253948b4c6a7ebb6217721d to remote] wire:73 - http-outgoing-0 >> "Content-Type: application/json; charset=utf-8[\r][\n]"
2018-09-11 16:28:59,625 DEBUG [Forwarding findElement on session c32d09cdd253948b4c6a7ebb6217721d to remote] wire:73 - http-outgoing-0 >> "Content-Length: 49[\r][\n]"
2018-09-11 16:28:59,625 DEBUG [Forwarding findElement on session c32d09cdd253948b4c6a7ebb6217721d to remote] wire:73 - http-outgoing-0 >> "Host: localhost:1177[\r][\n]"
2018-09-11 16:28:59,626 DEBUG [Forwarding findElement on session c32d09cdd253948b4c6a7ebb6217721d to remote] wire:73 - http-outgoing-0 >> "Connection: Keep-Alive[\r][\n]"
2018-09-11 16:28:59,626 DEBUG [Forwarding findElement on session c32d09cdd253948b4c6a7ebb6217721d to remote] wire:73 - http-outgoing-0 >> "User-Agent: Apache-HttpClient/4.5.3 (Java/1.8.0_181)[\r][\n]"
2018-09-11 16:28:59,627 DEBUG [Forwarding findElement on session c32d09cdd253948b4c6a7ebb6217721d to remote] wire:73 - http-outgoing-0 >> "Accept-Encoding: gzip,deflate[\r][\n]"
2018-09-11 16:28:59,627 DEBUG [Forwarding findElement on session c32d09cdd253948b4c6a7ebb6217721d to remote] wire:73 - http-outgoing-0 >> "[\r][\n]"
2018-09-11 16:28:59,628 DEBUG [Forwarding findElement on session c32d09cdd253948b4c6a7ebb6217721d to remote] wire:87 - http-outgoing-0 >> "{"using":"xpath","value":"(//a[@href='/tv'])[2]"}"
2018-09-11 16:28:59,722 DEBUG [Forwarding findElement on session c32d09cdd253948b4c6a7ebb6217721d to remote] wire:73 - http-outgoing-0 << "HTTP/1.1 200 OK[\r][\n]"
2018-09-11 16:28:59,722 DEBUG [Forwarding findElement on session c32d09cdd253948b4c6a7ebb6217721d to remote] wire:73 - http-outgoing-0 << "Content-Length:102[\r][\n]"
2018-09-11 16:28:59,723 DEBUG [Forwarding findElement on session c32d09cdd253948b4c6a7ebb6217721d to remote] wire:73 - http-outgoing-0 << "Content-Type:application/json; charset=utf-8[\r][\n]"
2018-09-11 16:28:59,723 DEBUG [Forwarding findElement on session c32d09cdd253948b4c6a7ebb6217721d to remote] wire:73 - http-outgoing-0 << "[\r][\n]"
2018-09-11 16:28:59,723 DEBUG [Forwarding findElement on session c32d09cdd253948b4c6a7ebb6217721d to remote] wire:87 - http-outgoing-0 << "{"sessionId":"c32d09cdd253948b4c6a7ebb6217721d","status":0,"value":{"ELEMENT":"0.5147080359795739-1"}}"
2018-09-11 16:28:59,725 DEBUG [Forwarding findElement on session c32d09cdd253948b4c6a7ebb6217721d to remote] headers:122 - http-outgoing-0 << HTTP/1.1 200 OK
2018-09-11 16:28:59,725 DEBUG [Forwarding findElement on session c32d09cdd253948b4c6a7ebb6217721d to remote] headers:125 - http-outgoing-0 << Content-Length:102
2018-09-11 16:28:59,725 DEBUG [Forwarding findElement on session c32d09cdd253948b4c6a7ebb6217721d to remote] headers:125 - http-outgoing-0 << Content-Type:application/json; charset=utf-8
2018-09-11 16:28:59,726 DEBUG [Forwarding findElement on session c32d09cdd253948b4c6a7ebb6217721d to remote] MainClientExec:285 - Connection can be kept alive indefinitely
2018-09-11 16:28:59,726 DEBUG [Forwarding findElement on session c32d09cdd253948b4c6a7ebb6217721d to remote] PoolingHttpClientConnectionManager:320 - Connection [id: 0][route: {}->http://localhost:1177] can be kept alive indefinitely
2018-09-11 16:28:59,727 DEBUG [Forwarding findElement on session c32d09cdd253948b4c6a7ebb6217721d to remote] PoolingHttpClientConnectionManager:326 - Connection released: [id: 0][route: {}->http://localhost:1177][total kept alive: 1; route allocated: 1 of 2000; total allocated: 1 of 2000]
2018-09-11 16:28:59,733 DEBUG [Forwarding isElementDisplayed on session c32d09cdd253948b4c6a7ebb6217721d to remote] RequestAddCookies:123 - CookieSpec selected: default
2018-09-11 16:28:59,733 DEBUG [Forwarding isElementDisplayed on session c32d09cdd253948b4c6a7ebb6217721d to remote] RequestAuthCache:77 - Auth cache not set in the context
2018-09-11 16:28:59,734 DEBUG [Forwarding isElementDisplayed on session c32d09cdd253948b4c6a7ebb6217721d to remote] PoolingHttpClientConnectionManager:255 - Connection request: [route: {}->http://localhost:1177][total kept alive: 1; route allocated: 1 of 2000; total allocated: 1 of 2000]
2018-09-11 16:28:59,734 DEBUG [Forwarding isElementDisplayed on session c32d09cdd253948b4c6a7ebb6217721d to remote] PoolingHttpClientConnectionManager:288 - Connection leased: [id: 0][route: {}->http://localhost:1177][total kept alive: 0; route allocated: 1 of 2000; total allocated: 1 of 2000]
2018-09-11 16:28:59,734 DEBUG [Forwarding isElementDisplayed on session c32d09cdd253948b4c6a7ebb6217721d to remote] MainClientExec:208 - Stale connection check
2018-09-11 16:28:59,735 DEBUG [Forwarding isElementDisplayed on session c32d09cdd253948b4c6a7ebb6217721d to remote] wire:87 - http-outgoing-0 << "[read] I/O error: Read timed out"
2018-09-11 16:28:59,737 DEBUG [Forwarding isElementDisplayed on session c32d09cdd253948b4c6a7ebb6217721d to remote] DefaultManagedHttpClientConnection:88 - http-outgoing-0: set socket timeout to 10800000
2018-09-11 16:28:59,738 DEBUG [Forwarding isElementDisplayed on session c32d09cdd253948b4c6a7ebb6217721d to remote] MainClientExec:256 - Executing request GET /session/c32d09cdd253948b4c6a7ebb6217721d/element/0.5147080359795739-1/displayed HTTP/1.1
2018-09-11 16:28:59,738 DEBUG [Forwarding isElementDisplayed on session c32d09cdd253948b4c6a7ebb6217721d to remote] MainClientExec:261 - Target auth state: UNCHALLENGED
2018-09-11 16:28:59,738 DEBUG [Forwarding isElementDisplayed on session c32d09cdd253948b4c6a7ebb6217721d to remote] MainClientExec:267 - Proxy auth state: UNCHALLENGED
2018-09-11 16:28:59,738 DEBUG [Forwarding isElementDisplayed on session c32d09cdd253948b4c6a7ebb6217721d to remote] headers:133 - http-outgoing-0 >> GET /session/c32d09cdd253948b4c6a7ebb6217721d/element/0.5147080359795739-1/displayed HTTP/1.1
2018-09-11 16:28:59,738 DEBUG [Forwarding isElementDisplayed on session c32d09cdd253948b4c6a7ebb6217721d to remote] headers:136 - http-outgoing-0 >> Cache-Control: no-cache
2018-09-11 16:28:59,739 DEBUG [Forwarding isElementDisplayed on session c32d09cdd253948b4c6a7ebb6217721d to remote] headers:136 - http-outgoing-0 >> Host: localhost:1177
2018-09-11 16:28:59,739 DEBUG [Forwarding isElementDisplayed on session c32d09cdd253948b4c6a7ebb6217721d to remote] headers:136 - http-outgoing-0 >> Connection: Keep-Alive
2018-09-11 16:28:59,739 DEBUG [Forwarding isElementDisplayed on session c32d09cdd253948b4c6a7ebb6217721d to remote] headers:136 - http-outgoing-0 >> User-Agent: Apache-HttpClient/4.5.3 (Java/1.8.0_181)
2018-09-11 16:28:59,739 DEBUG [Forwarding isElementDisplayed on session c32d09cdd253948b4c6a7ebb6217721d to remote] headers:136 - http-outgoing-0 >> Accept-Encoding: gzip,deflate
2018-09-11 16:28:59,740 DEBUG [Forwarding isElementDisplayed on session c32d09cdd253948b4c6a7ebb6217721d to remote] wire:73 - http-outgoing-0 >> "GET /session/c32d09cdd253948b4c6a7ebb6217721d/element/0.5147080359795739-1/displayed HTTP/1.1[\r][\n]"
2018-09-11 16:28:59,742 DEBUG [Forwarding isElementDisplayed on session c32d09cdd253948b4c6a7ebb6217721d to remote] wire:73 - http-outgoing-0 >> "Cache-Control: no-cache[\r][\n]"
2018-09-11 16:28:59,742 DEBUG [Forwarding isElementDisplayed on session c32d09cdd253948b4c6a7ebb6217721d to remote] wire:73 - http-outgoing-0 >> "Host: localhost:1177[\r][\n]"
2018-09-11 16:28:59,742 DEBUG [Forwarding isElementDisplayed on session c32d09cdd253948b4c6a7ebb6217721d to remote] wire:73 - http-outgoing-0 >> "Connection: Keep-Alive[\r][\n]"
2018-09-11 16:28:59,743 DEBUG [Forwarding isElementDisplayed on session c32d09cdd253948b4c6a7ebb6217721d to remote] wire:73 - http-outgoing-0 >> "User-Agent: Apache-HttpClient/4.5.3 (Java/1.8.0_181)[\r][\n]"
2018-09-11 16:28:59,743 DEBUG [Forwarding isElementDisplayed on session c32d09cdd253948b4c6a7ebb6217721d to remote] wire:73 - http-outgoing-0 >> "Accept-Encoding: gzip,deflate[\r][\n]"
2018-09-11 16:28:59,743 DEBUG [Forwarding isElementDisplayed on session c32d09cdd253948b4c6a7ebb6217721d to remote] wire:73 - http-outgoing-0 >> "[\r][\n]"
2018-09-11 16:28:59,930 DEBUG [Forwarding isElementDisplayed on session c32d09cdd253948b4c6a7ebb6217721d to remote] wire:73 - http-outgoing-0 << "HTTP/1.1 200 OK[\r][\n]"
2018-09-11 16:28:59,931 DEBUG [Forwarding isElementDisplayed on session c32d09cdd253948b4c6a7ebb6217721d to remote] wire:73 - http-outgoing-0 << "Content-Length:72[\r][\n]"
2018-09-11 16:28:59,932 DEBUG [Forwarding isElementDisplayed on session c32d09cdd253948b4c6a7ebb6217721d to remote] wire:73 - http-outgoing-0 << "Content-Type:application/json; charset=utf-8[\r][\n]"
2018-09-11 16:28:59,932 DEBUG [Forwarding isElementDisplayed on session c32d09cdd253948b4c6a7ebb6217721d to remote] wire:73 - http-outgoing-0 << "[\r][\n]"
2018-09-11 16:28:59,932 DEBUG [Forwarding isElementDisplayed on session c32d09cdd253948b4c6a7ebb6217721d to remote] wire:87 - http-outgoing-0 << "{"sessionId":"c32d09cdd253948b4c6a7ebb6217721d","status":0,"value":true}"
2018-09-11 16:28:59,933 DEBUG [Forwarding isElementDisplayed on session c32d09cdd253948b4c6a7ebb6217721d to remote] headers:122 - http-outgoing-0 << HTTP/1.1 200 OK
2018-09-11 16:28:59,933 DEBUG [Forwarding isElementDisplayed on session c32d09cdd253948b4c6a7ebb6217721d to remote] headers:125 - http-outgoing-0 << Content-Length:72
2018-09-11 16:28:59,933 DEBUG [Forwarding isElementDisplayed on session c32d09cdd253948b4c6a7ebb6217721d to remote] headers:125 - http-outgoing-0 << Content-Type:application/json; charset=utf-8
2018-09-11 16:28:59,934 DEBUG [Forwarding isElementDisplayed on session c32d09cdd253948b4c6a7ebb6217721d to remote] MainClientExec:285 - Connection can be kept alive indefinitely
2018-09-11 16:28:59,934 DEBUG [Forwarding isElementDisplayed on session c32d09cdd253948b4c6a7ebb6217721d to remote] PoolingHttpClientConnectionManager:320 - Connection [id: 0][route: {}->http://localhost:1177] can be kept alive indefinitely
2018-09-11 16:28:59,940 DEBUG [Forwarding isElementDisplayed on session c32d09cdd253948b4c6a7ebb6217721d to remote] PoolingHttpClientConnectionManager:326 - Connection released: [id: 0][route: {}->http://localhost:1177][total kept alive: 1; route allocated: 1 of 2000; total allocated: 1 of 2000]
2018-09-11 16:28:59,944 DEBUG [Forwarding findElement on session c32d09cdd253948b4c6a7ebb6217721d to remote] RequestAddCookies:123 - CookieSpec selected: default
2018-09-11 16:28:59,944 DEBUG [Forwarding findElement on session c32d09cdd253948b4c6a7ebb6217721d to remote] RequestAuthCache:77 - Auth cache not set in the context
2018-09-11 16:28:59,944 DEBUG [Forwarding findElement on session c32d09cdd253948b4c6a7ebb6217721d to remote] PoolingHttpClientConnectionManager:255 - Connection request: [route: {}->http://localhost:1177][total kept alive: 1; route allocated: 1 of 2000; total allocated: 1 of 2000]
2018-09-11 16:28:59,945 DEBUG [Forwarding findElement on session c32d09cdd253948b4c6a7ebb6217721d to remote] PoolingHttpClientConnectionManager:288 - Connection leased: [id: 0][route: {}->http://localhost:1177][total kept alive: 0; route allocated: 1 of 2000; total allocated: 1 of 2000]
2018-09-11 16:28:59,945 DEBUG [Forwarding findElement on session c32d09cdd253948b4c6a7ebb6217721d to remote] MainClientExec:208 - Stale connection check
2018-09-11 16:28:59,946 DEBUG [Forwarding findElement on session c32d09cdd253948b4c6a7ebb6217721d to remote] wire:87 - http-outgoing-0 << "[read] I/O error: Read timed out"
2018-09-11 16:28:59,946 DEBUG [Forwarding findElement on session c32d09cdd253948b4c6a7ebb6217721d to remote] DefaultManagedHttpClientConnection:88 - http-outgoing-0: set socket timeout to 10800000
2018-09-11 16:28:59,947 DEBUG [Forwarding findElement on session c32d09cdd253948b4c6a7ebb6217721d to remote] MainClientExec:256 - Executing request POST /session/c32d09cdd253948b4c6a7ebb6217721d/element HTTP/1.1
2018-09-11 16:28:59,948 DEBUG [Forwarding findElement on session c32d09cdd253948b4c6a7ebb6217721d to remote] MainClientExec:261 - Target auth state: UNCHALLENGED
2018-09-11 16:28:59,948 DEBUG [Forwarding findElement on session c32d09cdd253948b4c6a7ebb6217721d to remote] MainClientExec:267 - Proxy auth state: UNCHALLENGED
2018-09-11 16:28:59,948 DEBUG [Forwarding findElement on session c32d09cdd253948b4c6a7ebb6217721d to remote] headers:133 - http-outgoing-0 >> POST /session/c32d09cdd253948b4c6a7ebb6217721d/element HTTP/1.1
2018-09-11 16:28:59,949 DEBUG [Forwarding findElement on session c32d09cdd253948b4c6a7ebb6217721d to remote] headers:136 - http-outgoing-0 >> Content-Type: application/json; charset=utf-8
2018-09-11 16:28:59,949 DEBUG [Forwarding findElement on session c32d09cdd253948b4c6a7ebb6217721d to remote] headers:136 - http-outgoing-0 >> Content-Length: 49
2018-09-11 16:28:59,949 DEBUG [Forwarding findElement on session c32d09cdd253948b4c6a7ebb6217721d to remote] headers:136 - http-outgoing-0 >> Host: localhost:1177
2018-09-11 16:28:59,949 DEBUG [Forwarding findElement on session c32d09cdd253948b4c6a7ebb6217721d to remote] headers:136 - http-outgoing-0 >> Connection: Keep-Alive
2018-09-11 16:28:59,950 DEBUG [Forwarding findElement on session c32d09cdd253948b4c6a7ebb6217721d to remote] headers:136 - http-outgoing-0 >> User-Agent: Apache-HttpClient/4.5.3 (Java/1.8.0_181)
2018-09-11 16:28:59,950 DEBUG [Forwarding findElement on session c32d09cdd253948b4c6a7ebb6217721d to remote] headers:136 - http-outgoing-0 >> Accept-Encoding: gzip,deflate
2018-09-11 16:28:59,951 DEBUG [Forwarding findElement on session c32d09cdd253948b4c6a7ebb6217721d to remote] wire:73 - http-outgoing-0 >> "POST /session/c32d09cdd253948b4c6a7ebb6217721d/element HTTP/1.1[\r][\n]"
2018-09-11 16:28:59,951 DEBUG [Forwarding findElement on session c32d09cdd253948b4c6a7ebb6217721d to remote] wire:73 - http-outgoing-0 >> "Content-Type: application/json; charset=utf-8[\r][\n]"
2018-09-11 16:28:59,951 DEBUG [Forwarding findElement on session c32d09cdd253948b4c6a7ebb6217721d to remote] wire:73 - http-outgoing-0 >> "Content-Length: 49[\r][\n]"
2018-09-11 16:28:59,951 DEBUG [Forwarding findElement on session c32d09cdd253948b4c6a7ebb6217721d to remote] wire:73 - http-outgoing-0 >> "Host: localhost:1177[\r][\n]"
2018-09-11 16:28:59,951 DEBUG [Forwarding findElement on session c32d09cdd253948b4c6a7ebb6217721d to remote] wire:73 - http-outgoing-0 >> "Connection: Keep-Alive[\r][\n]"
2018-09-11 16:28:59,952 DEBUG [Forwarding findElement on session c32d09cdd253948b4c6a7ebb6217721d to remote] wire:73 - http-outgoing-0 >> "User-Agent: Apache-HttpClient/4.5.3 (Java/1.8.0_181)[\r][\n]"
2018-09-11 16:28:59,952 DEBUG [Forwarding findElement on session c32d09cdd253948b4c6a7ebb6217721d to remote] wire:73 - http-outgoing-0 >> "Accept-Encoding: gzip,deflate[\r][\n]"
2018-09-11 16:28:59,952 DEBUG [Forwarding findElement on session c32d09cdd253948b4c6a7ebb6217721d to remote] wire:73 - http-outgoing-0 >> "[\r][\n]"
2018-09-11 16:28:59,952 DEBUG [Forwarding findElement on session c32d09cdd253948b4c6a7ebb6217721d to remote] wire:87 - http-outgoing-0 >> "{"using":"xpath","value":"(//a[@href='/tv'])[2]"}"
2018-09-11 16:29:00,854 DEBUG [Forwarding findElement on session c32d09cdd253948b4c6a7ebb6217721d to remote] wire:73 - http-outgoing-0 << "HTTP/1.1 200 OK[\r][\n]"
2018-09-11 16:29:00,855 DEBUG [Forwarding findElement on session c32d09cdd253948b4c6a7ebb6217721d to remote] wire:73 - http-outgoing-0 << "Content-Length:102[\r][\n]"
2018-09-11 16:29:00,856 DEBUG [Forwarding findElement on session c32d09cdd253948b4c6a7ebb6217721d to remote] wire:73 - http-outgoing-0 << "Content-Type:application/json; charset=utf-8[\r][\n]"
2018-09-11 16:29:00,856 DEBUG [Forwarding findElement on session c32d09cdd253948b4c6a7ebb6217721d to remote] wire:73 - http-outgoing-0 << "[\r][\n]"
2018-09-11 16:29:00,856 DEBUG [Forwarding findElement on session c32d09cdd253948b4c6a7ebb6217721d to remote] wire:87 - http-outgoing-0 << "{"sessionId":"c32d09cdd253948b4c6a7ebb6217721d","status":0,"value":{"ELEMENT":"0.5147080359795739-1"}}"
2018-09-11 16:29:00,857 DEBUG [Forwarding findElement on session c32d09cdd253948b4c6a7ebb6217721d to remote] headers:122 - http-outgoing-0 << HTTP/1.1 200 OK
2018-09-11 16:29:00,857 DEBUG [Forwarding findElement on session c32d09cdd253948b4c6a7ebb6217721d to remote] headers:125 - http-outgoing-0 << Content-Length:102
2018-09-11 16:29:00,857 DEBUG [Forwarding findElement on session c32d09cdd253948b4c6a7ebb6217721d to remote] headers:125 - http-outgoing-0 << Content-Type:application/json; charset=utf-8
2018-09-11 16:29:00,858 DEBUG [Forwarding findElement on session c32d09cdd253948b4c6a7ebb6217721d to remote] MainClientExec:285 - Connection can be kept alive indefinitely
2018-09-11 16:29:00,860 DEBUG [Forwarding findElement on session c32d09cdd253948b4c6a7ebb6217721d to remote] PoolingHttpClientConnectionManager:320 - Connection [id: 0][route: {}->http://localhost:1177] can be kept alive indefinitely
2018-09-11 16:29:00,860 DEBUG [Forwarding findElement on session c32d09cdd253948b4c6a7ebb6217721d to remote] PoolingHttpClientConnectionManager:326 - Connection released: [id: 0][route: {}->http://localhost:1177][total kept alive: 1; route allocated: 1 of 2000; total allocated: 1 of 2000]
2018-09-11 16:29:00,869 DEBUG [Forwarding isElementEnabled on session c32d09cdd253948b4c6a7ebb6217721d to remote] RequestAddCookies:123 - CookieSpec selected: default
2018-09-11 16:29:00,878 DEBUG [Forwarding isElementEnabled on session c32d09cdd253948b4c6a7ebb6217721d to remote] RequestAuthCache:77 - Auth cache not set in the context
2018-09-11 16:29:00,878 DEBUG [Forwarding isElementEnabled on session c32d09cdd253948b4c6a7ebb6217721d to remote] PoolingHttpClientConnectionManager:255 - Connection request: [route: {}->http://localhost:1177][total kept alive: 1; route allocated: 1 of 2000; total allocated: 1 of 2000]
2018-09-11 16:29:00,879 DEBUG [Forwarding isElementEnabled on session c32d09cdd253948b4c6a7ebb6217721d to remote] PoolingHttpClientConnectionManager:288 - Connection leased: [id: 0][route: {}->http://localhost:1177][total kept alive: 0; route allocated: 1 of 2000; total allocated: 1 of 2000]
2018-09-11 16:29:00,880 DEBUG [Forwarding isElementEnabled on session c32d09cdd253948b4c6a7ebb6217721d to remote] MainClientExec:208 - Stale connection check
2018-09-11 16:29:00,884 DEBUG [Forwarding isElementEnabled on session c32d09cdd253948b4c6a7ebb6217721d to remote] wire:87 - http-outgoing-0 << "[read] I/O error: Read timed out"
2018-09-11 16:29:00,886 DEBUG [Forwarding isElementEnabled on session c32d09cdd253948b4c6a7ebb6217721d to remote] DefaultManagedHttpClientConnection:88 - http-outgoing-0: set socket timeout to 10800000
2018-09-11 16:29:00,892 DEBUG [Forwarding isElementEnabled on session c32d09cdd253948b4c6a7ebb6217721d to remote] MainClientExec:256 - Executing request GET /session/c32d09cdd253948b4c6a7ebb6217721d/element/0.5147080359795739-1/enabled HTTP/1.1
2018-09-11 16:29:00,892 DEBUG [Forwarding isElementEnabled on session c32d09cdd253948b4c6a7ebb6217721d to remote] MainClientExec:261 - Target auth state: UNCHALLENGED
2018-09-11 16:29:00,892 DEBUG [Forwarding isElementEnabled on session c32d09cdd253948b4c6a7ebb6217721d to remote] MainClientExec:267 - Proxy auth state: UNCHALLENGED
2018-09-11 16:29:00,893 DEBUG [Forwarding isElementEnabled on session c32d09cdd253948b4c6a7ebb6217721d to remote] headers:133 - http-outgoing-0 >> GET /session/c32d09cdd253948b4c6a7ebb6217721d/element/0.5147080359795739-1/enabled HTTP/1.1
2018-09-11 16:29:00,893 DEBUG [Forwarding isElementEnabled on session c32d09cdd253948b4c6a7ebb6217721d to remote] headers:136 - http-outgoing-0 >> Cache-Control: no-cache
2018-09-11 16:29:00,893 DEBUG [Forwarding isElementEnabled on session c32d09cdd253948b4c6a7ebb6217721d to remote] headers:136 - http-outgoing-0 >> Host: localhost:1177
2018-09-11 16:29:00,894 DEBUG [Forwarding isElementEnabled on session c32d09cdd253948b4c6a7ebb6217721d to remote] headers:136 - http-outgoing-0 >> Connection: Keep-Alive
2018-09-11 16:29:00,894 DEBUG [Forwarding isElementEnabled on session c32d09cdd253948b4c6a7ebb6217721d to remote] headers:136 - http-outgoing-0 >> User-Agent: Apache-HttpClient/4.5.3 (Java/1.8.0_181)
2018-09-11 16:29:00,894 DEBUG [Forwarding isElementEnabled on session c32d09cdd253948b4c6a7ebb6217721d to remote] headers:136 - http-outgoing-0 >> Accept-Encoding: gzip,deflate
2018-09-11 16:29:00,894 DEBUG [Forwarding isElementEnabled on session c32d09cdd253948b4c6a7ebb6217721d to remote] wire:73 - http-outgoing-0 >> "GET /session/c32d09cdd253948b4c6a7ebb6217721d/element/0.5147080359795739-1/enabled HTTP/1.1[\r][\n]"
2018-09-11 16:29:00,895 DEBUG [Forwarding isElementEnabled on session c32d09cdd253948b4c6a7ebb6217721d to remote] wire:73 - http-outgoing-0 >> "Cache-Control: no-cache[\r][\n]"
2018-09-11 16:29:00,895 DEBUG [Forwarding isElementEnabled on session c32d09cdd253948b4c6a7ebb6217721d to remote] wire:73 - http-outgoing-0 >> "Host: localhost:1177[\r][\n]"
2018-09-11 16:29:00,895 DEBUG [Forwarding isElementEnabled on session c32d09cdd253948b4c6a7ebb6217721d to remote] wire:73 - http-outgoing-0 >> "Connection: Keep-Alive[\r][\n]"
2018-09-11 16:29:00,895 DEBUG [Forwarding isElementEnabled on session c32d09cdd253948b4c6a7ebb6217721d to remote] wire:73 - http-outgoing-0 >> "User-Agent: Apache-HttpClient/4.5.3 (Java/1.8.0_181)[\r][\n]"
2018-09-11 16:29:00,895 DEBUG [Forwarding isElementEnabled on session c32d09cdd253948b4c6a7ebb6217721d to remote] wire:73 - http-outgoing-0 >> "Accept-Encoding: gzip,deflate[\r][\n]"
2018-09-11 16:29:00,896 DEBUG [Forwarding isElementEnabled on session c32d09cdd253948b4c6a7ebb6217721d to remote] wire:73 - http-outgoing-0 >> "[\r][\n]"
2018-09-11 16:29:01,234 DEBUG [Forwarding isElementEnabled on session c32d09cdd253948b4c6a7ebb6217721d to remote] wire:73 - http-outgoing-0 << "HTTP/1.1 200 OK[\r][\n]"
2018-09-11 16:29:01,234 DEBUG [Forwarding isElementEnabled on session c32d09cdd253948b4c6a7ebb6217721d to remote] wire:73 - http-outgoing-0 << "Content-Length:72[\r][\n]"
2018-09-11 16:29:01,235 DEBUG [Forwarding isElementEnabled on session c32d09cdd253948b4c6a7ebb6217721d to remote] wire:73 - http-outgoing-0 << "Content-Type:application/json; charset=utf-8[\r][\n]"
2018-09-11 16:29:01,235 DEBUG [Forwarding isElementEnabled on session c32d09cdd253948b4c6a7ebb6217721d to remote] wire:73 - http-outgoing-0 << "[\r][\n]"
2018-09-11 16:29:01,235 DEBUG [Forwarding isElementEnabled on session c32d09cdd253948b4c6a7ebb6217721d to remote] wire:87 - http-outgoing-0 << "{"sessionId":"c32d09cdd253948b4c6a7ebb6217721d","status":0,"value":true}"
2018-09-11 16:29:01,236 DEBUG [Forwarding isElementEnabled on session c32d09cdd253948b4c6a7ebb6217721d to remote] headers:122 - http-outgoing-0 << HTTP/1.1 200 OK
2018-09-11 16:29:01,236 DEBUG [Forwarding isElementEnabled on session c32d09cdd253948b4c6a7ebb6217721d to remote] headers:125 - http-outgoing-0 << Content-Length:72
2018-09-11 16:29:01,236 DEBUG [Forwarding isElementEnabled on session c32d09cdd253948b4c6a7ebb6217721d to remote] headers:125 - http-outgoing-0 << Content-Type:application/json; charset=utf-8
2018-09-11 16:29:01,236 DEBUG [Forwarding isElementEnabled on session c32d09cdd253948b4c6a7ebb6217721d to remote] MainClientExec:285 - Connection can be kept alive indefinitely
2018-09-11 16:29:01,237 DEBUG [Forwarding isElementEnabled on session c32d09cdd253948b4c6a7ebb6217721d to remote] PoolingHttpClientConnectionManager:320 - Connection [id: 0][route: {}->http://localhost:1177] can be kept alive indefinitely
2018-09-11 16:29:01,237 DEBUG [Forwarding isElementEnabled on session c32d09cdd253948b4c6a7ebb6217721d to remote] PoolingHttpClientConnectionManager:326 - Connection released: [id: 0][route: {}->http://localhost:1177][total kept alive: 1; route allocated: 1 of 2000; total allocated: 1 of 2000]
2018-09-11 16:29:01,246 DEBUG [Forwarding findElement on session c32d09cdd253948b4c6a7ebb6217721d to remote] RequestAddCookies:123 - CookieSpec selected: default
2018-09-11 16:29:01,246 DEBUG [Forwarding findElement on session c32d09cdd253948b4c6a7ebb6217721d to remote] RequestAuthCache:77 - Auth cache not set in the context
2018-09-11 16:29:01,247 DEBUG [Forwarding findElement on session c32d09cdd253948b4c6a7ebb6217721d to remote] PoolingHttpClientConnectionManager:255 - Connection request: [route: {}->http://localhost:1177][total kept alive: 1; route allocated: 1 of 2000; total allocated: 1 of 2000]
2018-09-11 16:29:01,252 DEBUG [Forwarding findElement on session c32d09cdd253948b4c6a7ebb6217721d to remote] PoolingHttpClientConnectionManager:288 - Connection leased: [id: 0][route: {}->http://localhost:1177][total kept alive: 0; route allocated: 1 of 2000; total allocated: 1 of 2000]
2018-09-11 16:29:01,253 DEBUG [Forwarding findElement on session c32d09cdd253948b4c6a7ebb6217721d to remote] MainClientExec:208 - Stale connection check
2018-09-11 16:29:01,254 DEBUG [Forwarding findElement on session c32d09cdd253948b4c6a7ebb6217721d to remote] wire:87 - http-outgoing-0 << "[read] I/O error: Read timed out"
2018-09-11 16:29:01,255 DEBUG [Forwarding findElement on session c32d09cdd253948b4c6a7ebb6217721d to remote] DefaultManagedHttpClientConnection:88 - http-outgoing-0: set socket timeout to 10800000
2018-09-11 16:29:01,256 DEBUG [Forwarding findElement on session c32d09cdd253948b4c6a7ebb6217721d to remote] MainClientExec:256 - Executing request POST /session/c32d09cdd253948b4c6a7ebb6217721d/element HTTP/1.1
2018-09-11 16:29:01,257 DEBUG [Forwarding findElement on session c32d09cdd253948b4c6a7ebb6217721d to remote] MainClientExec:261 - Target auth state: UNCHALLENGED
2018-09-11 16:29:01,257 DEBUG [Forwarding findElement on session c32d09cdd253948b4c6a7ebb6217721d to remote] MainClientExec:267 - Proxy auth state: UNCHALLENGED
2018-09-11 16:29:01,257 DEBUG [Forwarding findElement on session c32d09cdd253948b4c6a7ebb6217721d to remote] headers:133 - http-outgoing-0 >> POST /session/c32d09cdd253948b4c6a7ebb6217721d/element HTTP/1.1
2018-09-11 16:29:01,258 DEBUG [Forwarding findElement on session c32d09cdd253948b4c6a7ebb6217721d to remote] headers:136 - http-outgoing-0 >> Content-Type: application/json; charset=utf-8
2018-09-11 16:29:01,258 DEBUG [Forwarding findElement on session c32d09cdd253948b4c6a7ebb6217721d to remote] headers:136 - http-outgoing-0 >> Content-Length: 49
2018-09-11 16:29:01,258 DEBUG [Forwarding findElement on session c32d09cdd253948b4c6a7ebb6217721d to remote] headers:136 - http-outgoing-0 >> Host: localhost:1177
2018-09-11 16:29:01,259 DEBUG [Forwarding findElement on session c32d09cdd253948b4c6a7ebb6217721d to remote] headers:136 - http-outgoing-0 >> Connection: Keep-Alive
2018-09-11 16:29:01,259 DEBUG [Forwarding findElement on session c32d09cdd253948b4c6a7ebb6217721d to remote] headers:136 - http-outgoing-0 >> User-Agent: Apache-HttpClient/4.5.3 (Java/1.8.0_181)
2018-09-11 16:29:01,259 DEBUG [Forwarding findElement on session c32d09cdd253948b4c6a7ebb6217721d to remote] headers:136 - http-outgoing-0 >> Accept-Encoding: gzip,deflate
2018-09-11 16:29:01,259 DEBUG [Forwarding findElement on session c32d09cdd253948b4c6a7ebb6217721d to remote] wire:73 - http-outgoing-0 >> "POST /session/c32d09cdd253948b4c6a7ebb6217721d/element HTTP/1.1[\r][\n]"
2018-09-11 16:29:01,260 DEBUG [Forwarding findElement on session c32d09cdd253948b4c6a7ebb6217721d to remote] wire:73 - http-outgoing-0 >> "Content-Type: application/json; charset=utf-8[\r][\n]"
2018-09-11 16:29:01,260 DEBUG [Forwarding findElement on session c32d09cdd253948b4c6a7ebb6217721d to remote] wire:73 - http-outgoing-0 >> "Content-Length: 49[\r][\n]"
2018-09-11 16:29:01,261 DEBUG [Forwarding findElement on session c32d09cdd253948b4c6a7ebb6217721d to remote] wire:73 - http-outgoing-0 >> "Host: localhost:1177[\r][\n]"
2018-09-11 16:29:01,261 DEBUG [Forwarding findElement on session c32d09cdd253948b4c6a7ebb6217721d to remote] wire:73 - http-outgoing-0 >> "Connection: Keep-Alive[\r][\n]"
2018-09-11 16:29:01,261 DEBUG [Forwarding findElement on session c32d09cdd253948b4c6a7ebb6217721d to remote] wire:73 - http-outgoing-0 >> "User-Agent: Apache-HttpClient/4.5.3 (Java/1.8.0_181)[\r][\n]"
2018-09-11 16:29:01,262 DEBUG [Forwarding findElement on session c32d09cdd253948b4c6a7ebb6217721d to remote] wire:73 - http-outgoing-0 >> "Accept-Encoding: gzip,deflate[\r][\n]"
2018-09-11 16:29:01,262 DEBUG [Forwarding findElement on session c32d09cdd253948b4c6a7ebb6217721d to remote] wire:73 - http-outgoing-0 >> "[\r][\n]"
2018-09-11 16:29:01,262 DEBUG [Forwarding findElement on session c32d09cdd253948b4c6a7ebb6217721d to remote] wire:87 - http-outgoing-0 >> "{"using":"xpath","value":"(//a[@href='/tv'])[2]"}"
2018-09-11 16:29:01,418 DEBUG [Forwarding findElement on session c32d09cdd253948b4c6a7ebb6217721d to remote] wire:73 - http-outgoing-0 << "HTTP/1.1 200 OK[\r][\n]"
2018-09-11 16:29:01,419 DEBUG [Forwarding findElement on session c32d09cdd253948b4c6a7ebb6217721d to remote] wire:73 - http-outgoing-0 << "Content-Length:102[\r][\n]"
2018-09-11 16:29:01,420 DEBUG [Forwarding findElement on session c32d09cdd253948b4c6a7ebb6217721d to remote] wire:73 - http-outgoing-0 << "Content-Type:application/json; charset=utf-8[\r][\n]"
2018-09-11 16:29:01,420 DEBUG [Forwarding findElement on session c32d09cdd253948b4c6a7ebb6217721d to remote] wire:73 - http-outgoing-0 << "[\r][\n]"
2018-09-11 16:29:01,421 DEBUG [Forwarding findElement on session c32d09cdd253948b4c6a7ebb6217721d to remote] wire:87 - http-outgoing-0 << "{"sessionId":"c32d09cdd253948b4c6a7ebb6217721d","status":0,"value":{"ELEMENT":"0.5147080359795739-1"}}"
2018-09-11 16:29:01,421 DEBUG [Forwarding findElement on session c32d09cdd253948b4c6a7ebb6217721d to remote] headers:122 - http-outgoing-0 << HTTP/1.1 200 OK
2018-09-11 16:29:01,422 DEBUG [Forwarding findElement on session c32d09cdd253948b4c6a7ebb6217721d to remote] headers:125 - http-outgoing-0 << Content-Length:102
2018-09-11 16:29:01,423 DEBUG [Forwarding findElement on session c32d09cdd253948b4c6a7ebb6217721d to remote] headers:125 - http-outgoing-0 << Content-Type:application/json; charset=utf-8
2018-09-11 16:29:01,423 DEBUG [Forwarding findElement on session c32d09cdd253948b4c6a7ebb6217721d to remote] MainClientExec:285 - Connection can be kept alive indefinitely
2018-09-11 16:29:01,424 DEBUG [Forwarding findElement on session c32d09cdd253948b4c6a7ebb6217721d to remote] PoolingHttpClientConnectionManager:320 - Connection [id: 0][route: {}->http://localhost:1177] can be kept alive indefinitely
2018-09-11 16:29:01,424 DEBUG [Forwarding findElement on session c32d09cdd253948b4c6a7ebb6217721d to remote] PoolingHttpClientConnectionManager:326 - Connection released: [id: 0][route: {}->http://localhost:1177][total kept alive: 1; route allocated: 1 of 2000; total allocated: 1 of 2000]
2018-09-11 16:29:01,428 DEBUG [Forwarding clickElement on session c32d09cdd253948b4c6a7ebb6217721d to remote] RequestAddCookies:123 - CookieSpec selected: default
2018-09-11 16:29:01,438 DEBUG [Forwarding clickElement on session c32d09cdd253948b4c6a7ebb6217721d to remote] RequestAuthCache:77 - Auth cache not set in the context
2018-09-11 16:29:01,439 DEBUG [Forwarding clickElement on session c32d09cdd253948b4c6a7ebb6217721d to remote] PoolingHttpClientConnectionManager:255 - Connection request: [route: {}->http://localhost:1177][total kept alive: 1; route allocated: 1 of 2000; total allocated: 1 of 2000]
2018-09-11 16:29:01,440 DEBUG [Forwarding clickElement on session c32d09cdd253948b4c6a7ebb6217721d to remote] PoolingHttpClientConnectionManager:288 - Connection leased: [id: 0][route: {}->http://localhost:1177][total kept alive: 0; route allocated: 1 of 2000; total allocated: 1 of 2000]
2018-09-11 16:29:01,442 DEBUG [Forwarding clickElement on session c32d09cdd253948b4c6a7ebb6217721d to remote] MainClientExec:208 - Stale connection check
2018-09-11 16:29:01,445 DEBUG [Forwarding clickElement on session c32d09cdd253948b4c6a7ebb6217721d to remote] wire:87 - http-outgoing-0 << "[read] I/O error: Read timed out"
2018-09-11 16:29:01,446 DEBUG [Forwarding clickElement on session c32d09cdd253948b4c6a7ebb6217721d to remote] DefaultManagedHttpClientConnection:88 - http-outgoing-0: set socket timeout to 10800000
2018-09-11 16:29:01,446 DEBUG [Forwarding clickElement on session c32d09cdd253948b4c6a7ebb6217721d to remote] MainClientExec:256 - Executing request POST /session/c32d09cdd253948b4c6a7ebb6217721d/element/0.5147080359795739-1/click HTTP/1.1
2018-09-11 16:29:01,448 DEBUG [Forwarding clickElement on session c32d09cdd253948b4c6a7ebb6217721d to remote] MainClientExec:261 - Target auth state: UNCHALLENGED
2018-09-11 16:29:01,452 DEBUG [Forwarding clickElement on session c32d09cdd253948b4c6a7ebb6217721d to remote] MainClientExec:267 - Proxy auth state: UNCHALLENGED
2018-09-11 16:29:01,453 DEBUG [Forwarding clickElement on session c32d09cdd253948b4c6a7ebb6217721d to remote] headers:133 - http-outgoing-0 >> POST /session/c32d09cdd253948b4c6a7ebb6217721d/element/0.5147080359795739-1/click HTTP/1.1
2018-09-11 16:29:01,454 DEBUG [Forwarding clickElement on session c32d09cdd253948b4c6a7ebb6217721d to remote] headers:136 - http-outgoing-0 >> Content-Type: application/json; charset=utf-8
2018-09-11 16:29:01,457 DEBUG [Forwarding clickElement on session c32d09cdd253948b4c6a7ebb6217721d to remote] headers:136 - http-outgoing-0 >> Content-Length: 29
2018-09-11 16:29:01,457 DEBUG [Forwarding clickElement on session c32d09cdd253948b4c6a7ebb6217721d to remote] headers:136 - http-outgoing-0 >> Host: localhost:1177
2018-09-11 16:29:01,458 DEBUG [Forwarding clickElement on session c32d09cdd253948b4c6a7ebb6217721d to remote] headers:136 - http-outgoing-0 >> Connection: Keep-Alive
2018-09-11 16:29:01,458 DEBUG [Forwarding clickElement on session c32d09cdd253948b4c6a7ebb6217721d to remote] headers:136 - http-outgoing-0 >> User-Agent: Apache-HttpClient/4.5.3 (Java/1.8.0_181)
2018-09-11 16:29:01,458 DEBUG [Forwarding clickElement on session c32d09cdd253948b4c6a7ebb6217721d to remote] headers:136 - http-outgoing-0 >> Accept-Encoding: gzip,deflate
2018-09-11 16:29:01,458 DEBUG [Forwarding clickElement on session c32d09cdd253948b4c6a7ebb6217721d to remote] wire:73 - http-outgoing-0 >> "POST /session/c32d09cdd253948b4c6a7ebb6217721d/element/0.5147080359795739-1/click HTTP/1.1[\r][\n]"
2018-09-11 16:29:01,458 DEBUG [Forwarding clickElement on session c32d09cdd253948b4c6a7ebb6217721d to remote] wire:73 - http-outgoing-0 >> "Content-Type: application/json; charset=utf-8[\r][\n]"
2018-09-11 16:29:01,458 DEBUG [Forwarding clickElement on session c32d09cdd253948b4c6a7ebb6217721d to remote] wire:73 - http-outgoing-0 >> "Content-Length: 29[\r][\n]"
2018-09-11 16:29:01,459 DEBUG [Forwarding clickElement on session c32d09cdd253948b4c6a7ebb6217721d to remote] wire:73 - http-outgoing-0 >> "Host: localhost:1177[\r][\n]"
2018-09-11 16:29:01,459 DEBUG [Forwarding clickElement on session c32d09cdd253948b4c6a7ebb6217721d to remote] wire:73 - http-outgoing-0 >> "Connection: Keep-Alive[\r][\n]"
2018-09-11 16:29:01,459 DEBUG [Forwarding clickElement on session c32d09cdd253948b4c6a7ebb6217721d to remote] wire:73 - http-outgoing-0 >> "User-Agent: Apache-HttpClient/4.5.3 (Java/1.8.0_181)[\r][\n]"
2018-09-11 16:29:01,459 DEBUG [Forwarding clickElement on session c32d09cdd253948b4c6a7ebb6217721d to remote] wire:73 - http-outgoing-0 >> "Accept-Encoding: gzip,deflate[\r][\n]"
2018-09-11 16:29:01,459 DEBUG [Forwarding clickElement on session c32d09cdd253948b4c6a7ebb6217721d to remote] wire:73 - http-outgoing-0 >> "[\r][\n]"
2018-09-11 16:29:01,459 DEBUG [Forwarding clickElement on session c32d09cdd253948b4c6a7ebb6217721d to remote] wire:87 - http-outgoing-0 >> "{"id":"0.5147080359795739-1"}"
2018-09-11 16:29:02,365 DEBUG [Forwarding clickElement on session c32d09cdd253948b4c6a7ebb6217721d to remote] wire:73 - http-outgoing-0 << "HTTP/1.1 200 OK[\r][\n]"
2018-09-11 16:29:02,365 DEBUG [Forwarding clickElement on session c32d09cdd253948b4c6a7ebb6217721d to remote] wire:73 - http-outgoing-0 << "Content-Length:72[\r][\n]"
2018-09-11 16:29:02,366 DEBUG [Forwarding clickElement on session c32d09cdd253948b4c6a7ebb6217721d to remote] wire:73 - http-outgoing-0 << "Content-Type:application/json; charset=utf-8[\r][\n]"
2018-09-11 16:29:02,366 DEBUG [Forwarding clickElement on session c32d09cdd253948b4c6a7ebb6217721d to remote] wire:73 - http-outgoing-0 << "[\r][\n]"
2018-09-11 16:29:02,366 DEBUG [Forwarding clickElement on session c32d09cdd253948b4c6a7ebb6217721d to remote] wire:87 - http-outgoing-0 << "{"sessionId":"c32d09cdd253948b4c6a7ebb6217721d","status":0,"value":null}"
2018-09-11 16:29:02,367 DEBUG [Forwarding clickElement on session c32d09cdd253948b4c6a7ebb6217721d to remote] headers:122 - http-outgoing-0 << HTTP/1.1 200 OK
2018-09-11 16:29:02,367 DEBUG [Forwarding clickElement on session c32d09cdd253948b4c6a7ebb6217721d to remote] headers:125 - http-outgoing-0 << Content-Length:72
2018-09-11 16:29:02,367 DEBUG [Forwarding clickElement on session c32d09cdd253948b4c6a7ebb6217721d to remote] headers:125 - http-outgoing-0 << Content-Type:application/json; charset=utf-8
2018-09-11 16:29:02,368 DEBUG [Forwarding clickElement on session c32d09cdd253948b4c6a7ebb6217721d to remote] MainClientExec:285 - Connection can be kept alive indefinitely
2018-09-11 16:29:02,368 DEBUG [Forwarding clickElement on session c32d09cdd253948b4c6a7ebb6217721d to remote] PoolingHttpClientConnectionManager:320 - Connection [id: 0][route: {}->http://localhost:1177] can be kept alive indefinitely
2018-09-11 16:29:02,369 DEBUG [Forwarding clickElement on session c32d09cdd253948b4c6a7ebb6217721d to remote] PoolingHttpClientConnectionManager:326 - Connection released: [id: 0][route: {}->http://localhost:1177][total kept alive: 1; route allocated: 1 of 2000; total allocated: 1 of 2000]
2018-09-11 16:29:02,372 DEBUG [Forwarding findElement on session c32d09cdd253948b4c6a7ebb6217721d to remote] RequestAddCookies:123 - CookieSpec selected: default
2018-09-11 16:29:02,372 DEBUG [Forwarding findElement on session c32d09cdd253948b4c6a7ebb6217721d to remote] RequestAuthCache:77 - Auth cache not set in the context
2018-09-11 16:29:02,373 DEBUG [Forwarding findElement on session c32d09cdd253948b4c6a7ebb6217721d to remote] PoolingHttpClientConnectionManager:255 - Connection request: [route: {}->http://localhost:1177][total kept alive: 1; route allocated: 1 of 2000; total allocated: 1 of 2000]
2018-09-11 16:29:02,374 DEBUG [Forwarding findElement on session c32d09cdd253948b4c6a7ebb6217721d to remote] PoolingHttpClientConnectionManager:288 - Connection leased: [id: 0][route: {}->http://localhost:1177][total kept alive: 0; route allocated: 1 of 2000; total allocated: 1 of 2000]
2018-09-11 16:29:02,374 DEBUG [Forwarding findElement on session c32d09cdd253948b4c6a7ebb6217721d to remote] MainClientExec:208 - Stale connection check
2018-09-11 16:29:02,376 DEBUG [Forwarding findElement on session c32d09cdd253948b4c6a7ebb6217721d to remote] wire:87 - http-outgoing-0 << "[read] I/O error: Read timed out"
2018-09-11 16:29:02,377 DEBUG [Forwarding findElement on session c32d09cdd253948b4c6a7ebb6217721d to remote] DefaultManagedHttpClientConnection:88 - http-outgoing-0: set socket timeout to 10800000
2018-09-11 16:29:02,377 DEBUG [Forwarding findElement on session c32d09cdd253948b4c6a7ebb6217721d to remote] MainClientExec:256 - Executing request POST /session/c32d09cdd253948b4c6a7ebb6217721d/element HTTP/1.1
2018-09-11 16:29:02,377 DEBUG [Forwarding findElement on session c32d09cdd253948b4c6a7ebb6217721d to remote] MainClientExec:261 - Target auth state: UNCHALLENGED
2018-09-11 16:29:02,378 DEBUG [Forwarding findElement on session c32d09cdd253948b4c6a7ebb6217721d to remote] MainClientExec:267 - Proxy auth state: UNCHALLENGED
2018-09-11 16:29:02,378 DEBUG [Forwarding findElement on session c32d09cdd253948b4c6a7ebb6217721d to remote] headers:133 - http-outgoing-0 >> POST /session/c32d09cdd253948b4c6a7ebb6217721d/element HTTP/1.1
2018-09-11 16:29:02,379 DEBUG [Forwarding findElement on session c32d09cdd253948b4c6a7ebb6217721d to remote] headers:136 - http-outgoing-0 >> Content-Type: application/json; charset=utf-8
2018-09-11 16:29:02,379 DEBUG [Forwarding findElement on session c32d09cdd253948b4c6a7ebb6217721d to remote] headers:136 - http-outgoing-0 >> Content-Length: 49
2018-09-11 16:29:02,379 DEBUG [Forwarding findElement on session c32d09cdd253948b4c6a7ebb6217721d to remote] headers:136 - http-outgoing-0 >> Host: localhost:1177
2018-09-11 16:29:02,380 DEBUG [Forwarding findElement on session c32d09cdd253948b4c6a7ebb6217721d to remote] headers:136 - http-outgoing-0 >> Connection: Keep-Alive
2018-09-11 16:29:02,380 DEBUG [Forwarding findElement on session c32d09cdd253948b4c6a7ebb6217721d to remote] headers:136 - http-outgoing-0 >> User-Agent: Apache-HttpClient/4.5.3 (Java/1.8.0_181)
2018-09-11 16:29:02,380 DEBUG [Forwarding findElement on session c32d09cdd253948b4c6a7ebb6217721d to remote] headers:136 - http-outgoing-0 >> Accept-Encoding: gzip,deflate
2018-09-11 16:29:02,380 DEBUG [Forwarding findElement on session c32d09cdd253948b4c6a7ebb6217721d to remote] wire:73 - http-outgoing-0 >> "POST /session/c32d09cdd253948b4c6a7ebb6217721d/element HTTP/1.1[\r][\n]"
2018-09-11 16:29:02,381 DEBUG [Forwarding findElement on session c32d09cdd253948b4c6a7ebb6217721d to remote] wire:73 - http-outgoing-0 >> "Content-Type: application/json; charset=utf-8[\r][\n]"
2018-09-11 16:29:02,381 DEBUG [Forwarding findElement on session c32d09cdd253948b4c6a7ebb6217721d to remote] wire:73 - http-outgoing-0 >> "Content-Length: 49[\r][\n]"
2018-09-11 16:29:02,381 DEBUG [Forwarding findElement on session c32d09cdd253948b4c6a7ebb6217721d to remote] wire:73 - http-outgoing-0 >> "Host: localhost:1177[\r][\n]"
2018-09-11 16:29:02,382 DEBUG [Forwarding findElement on session c32d09cdd253948b4c6a7ebb6217721d to remote] wire:73 - http-outgoing-0 >> "Connection: Keep-Alive[\r][\n]"
2018-09-11 16:29:02,382 DEBUG [Forwarding findElement on session c32d09cdd253948b4c6a7ebb6217721d to remote] wire:73 - http-outgoing-0 >> "User-Agent: Apache-HttpClient/4.5.3 (Java/1.8.0_181)[\r][\n]"
2018-09-11 16:29:02,382 DEBUG [Forwarding findElement on session c32d09cdd253948b4c6a7ebb6217721d to remote] wire:73 - http-outgoing-0 >> "Accept-Encoding: gzip,deflate[\r][\n]"
2018-09-11 16:29:02,383 DEBUG [Forwarding findElement on session c32d09cdd253948b4c6a7ebb6217721d to remote] wire:73 - http-outgoing-0 >> "[\r][\n]"
2018-09-11 16:29:02,383 DEBUG [Forwarding findElement on session c32d09cdd253948b4c6a7ebb6217721d to remote] wire:87 - http-outgoing-0 >> "{"using":"xpath","value":"(//a[@href='/tv'])[2]"}"
2018-09-11 16:29:02,419 DEBUG [Forwarding findElement on session c32d09cdd253948b4c6a7ebb6217721d to remote] wire:73 - http-outgoing-0 << "HTTP/1.1 200 OK[\r][\n]"
2018-09-11 16:29:02,420 DEBUG [Forwarding findElement on session c32d09cdd253948b4c6a7ebb6217721d to remote] wire:73 - http-outgoing-0 << "Content-Length:102[\r][\n]"
2018-09-11 16:29:02,420 DEBUG [Forwarding findElement on session c32d09cdd253948b4c6a7ebb6217721d to remote] wire:73 - http-outgoing-0 << "Content-Type:application/json; charset=utf-8[\r][\n]"
2018-09-11 16:29:02,420 DEBUG [Forwarding findElement on session c32d09cdd253948b4c6a7ebb6217721d to remote] wire:73 - http-outgoing-0 << "[\r][\n]"
2018-09-11 16:29:02,421 DEBUG [Forwarding findElement on session c32d09cdd253948b4c6a7ebb6217721d to remote] wire:87 - http-outgoing-0 << "{"sessionId":"c32d09cdd253948b4c6a7ebb6217721d","status":0,"value":{"ELEMENT":"0.5147080359795739-1"}}"
2018-09-11 16:29:02,421 DEBUG [Forwarding findElement on session c32d09cdd253948b4c6a7ebb6217721d to remote] headers:122 - http-outgoing-0 << HTTP/1.1 200 OK
2018-09-11 16:29:02,421 DEBUG [Forwarding findElement on session c32d09cdd253948b4c6a7ebb6217721d to remote] headers:125 - http-outgoing-0 << Content-Length:102
2018-09-11 16:29:02,421 DEBUG [Forwarding findElement on session c32d09cdd253948b4c6a7ebb6217721d to remote] headers:125 - http-outgoing-0 << Content-Type:application/json; charset=utf-8
2018-09-11 16:29:02,422 DEBUG [Forwarding findElement on session c32d09cdd253948b4c6a7ebb6217721d to remote] MainClientExec:285 - Connection can be kept alive indefinitely
2018-09-11 16:29:02,422 DEBUG [Forwarding findElement on session c32d09cdd253948b4c6a7ebb6217721d to remote] PoolingHttpClientConnectionManager:320 - Connection [id: 0][route: {}->http://localhost:1177] can be kept alive indefinitely
2018-09-11 16:29:02,422 DEBUG [Forwarding findElement on session c32d09cdd253948b4c6a7ebb6217721d to remote] PoolingHttpClientConnectionManager:326 - Connection released: [id: 0][route: {}->http://localhost:1177][total kept alive: 1; route allocated: 1 of 2000; total allocated: 1 of 2000]
